2025-07-02 01:09:24,616 | INFO | Starting Comprehensive PyNucleus System Diagnostic...
2025-07-02 01:09:24,617 | INFO | Started at: 2025-07-02 01:09:24
2025-07-02 01:09:24,618 | INFO | === PYTHON ENVIRONMENT CHECK ===
2025-07-02 01:09:24,618 | INFO | Python Version: 3.13.4 (main, Jun 3 2025, 15:34:24) [Clang 17.0.0 (clang-1700.0.13.3)]
2025-07-02 01:09:24,618 | INFO | Python Version: PASSED
2025-07-02 01:09:24,619 | WARNING | - Version 3.13 meets requirements
2025-07-02 01:09:24,619 | INFO | Python executable: /Users/mohammadalmusaiteer/PyNucleus-Model/pynucleus_env/bin/python
2025-07-02 01:09:24,619 | INFO | Python path includes src: True
2025-07-02 01:09:24,620 | INFO | === COMPREHENSIVE DEPENDENCIES CHECK ===
2025-07-02 01:09:24,620 | INFO | Core Dependencies:
2025-07-02 01:09:24,620 | INFO | numpy: PASSED
2025-07-02 01:09:24,620 | WARNING | - Package available
2025-07-02 01:09:24,621 | INFO | pandas: PASSED
2025-07-02 01:09:24,621 | WARNING | - Package available
2025-07-02 01:09:24,621 | INFO | requests: PASSED
2025-07-02 01:09:24,621 | WARNING | - Package available
2025-07-02 01:09:24,622 | INFO | tqdm: PASSED
2025-07-02 01:09:24,622 | WARNING | - Package available
2025-07-02 01:09:24,622 | INFO | typer: PASSED
2025-07-02 01:09:24,622 | WARNING | - Package available
2025-07-02 01:09:24,623 | INFO | pathlib: PASSED
2025-07-02 01:09:24,623 | WARNING | - Package available
2025-07-02 01:09:24,623 | INFO | dataclasses: PASSED
2025-07-02 01:09:24,623 | WARNING | - Package available
2025-07-02 01:09:24,624 | INFO | asyncio: PASSED
2025-07-02 01:09:24,624 | WARNING | - Package available
2025-07-02 01:09:24,624 | INFO | concurrent: PASSED
2025-07-02 01:09:24,624 | WARNING | - Package available
2025-07-02 01:09:24,625 | INFO | Optional Dependencies:
2025-07-02 01:09:24,625 | INFO | jupyter: PASSED
2025-07-02 01:09:24,626 | WARNING | - Optional package - not required
2025-07-02 01:09:24,626 | INFO | notebook: PASSED
2025-07-02 01:09:24,626 | WARNING | - Optional package - not required
2025-07-02 01:09:24,627 | INFO | faiss-cpu: PASSED
2025-07-02 01:09:24,627 | WARNING | - Optional package - not required
2025-07-02 01:09:24,627 | INFO | transformers: PASSED
2025-07-02 01:09:24,627 | WARNING | - Package available
2025-07-02 01:09:24,628 | INFO | torch: PASSED
2025-07-02 01:09:24,628 | WARNING | - Package available
2025-07-02 01:09:24,628 | INFO | === DOCKER ENVIRONMENT CHECK ===
2025-07-02 01:09:24,752 | INFO | Docker Availability: PASSED
2025-07-02 01:09:24,754 | WARNING | - Version: Docker version 28.1.1, build 4eba377
2025-07-02 01:09:24,754 | INFO | === DIRECTORY STRUCTURE CHECK ===
2025-07-02 01:09:24,755 | INFO | Directory: src/pynucleus: PASSED
2025-07-02 01:09:24,755 | WARNING | - Required directory exists
2025-07-02 01:09:24,755 | INFO | Directory: configs: PASSED
2025-07-02 01:09:24,756 | WARNING | - Required directory exists
2025-07-02 01:09:24,756 | INFO | Directory: data: PASSED
2025-07-02 01:09:24,756 | WARNING | - Required directory exists
2025-07-02 01:09:24,756 | INFO | Directory: logs: PASSED
2025-07-02 01:09:24,757 | WARNING | - Required directory exists
2025-07-02 01:09:24,757 | INFO | Directory: scripts: PASSED
2025-07-02 01:09:24,758 | WARNING | - Required directory exists
2025-07-02 01:09:24,758 | INFO | Optional directory found: data/05_output/llm_reports
2025-07-02 01:09:24,758 | INFO | Optional directory found: data/validation/diagnostic_results
2025-07-02 01:09:24,759 | WARNING | Optional directory missing: dwsim_rag_integration
2025-07-02 01:09:24,759 | INFO | === COMPREHENSIVE SCRIPT VALIDATION ===
2025-07-02 01:09:24,759 | INFO | --- Validating Core Pipeline Scripts ---
2025-07-02 01:09:24,761 | INFO | src/pynucleus/pipeline/plant_builder.py - Syntax OK
2025-07-02 01:09:24,762 | INFO | src/pynucleus/pipeline/plant_builder.py - Imports OK
2025-07-02 01:09:24,762 | WARNING | src/pynucleus/pipeline/plant_builder.py - Execution warning: attempted relative import with no known parent package...
2025-07-02 01:09:24,763 | WARNING | src/pynucleus/pipeline/plant_builder.py - Overall: ISSUES FOUND
2025-07-02 01:09:24,764 | INFO | src/pynucleus/pipeline/results_exporter.py - Syntax OK
2025-07-02 01:09:24,764 | INFO | src/pynucleus/pipeline/results_exporter.py - Imports OK
2025-07-02 01:09:24,765 | INFO | src/pynucleus/pipeline/results_exporter.py - Execution OK
2025-07-02 01:09:24,765 | INFO | src/pynucleus/pipeline/results_exporter.py - Overall: HEALTHY
2025-07-02 01:09:24,767 | INFO | src/pynucleus/pipeline/pipeline_rag.py - Syntax OK
2025-07-02 01:09:24,768 | INFO | src/pynucleus/pipeline/pipeline_rag.py - Imports OK
2025-07-02 01:09:24,768 | WARNING | src/pynucleus/pipeline/pipeline_rag.py - Execution warning: attempted relative import with no known parent package...
2025-07-02 01:09:24,769 | WARNING | src/pynucleus/pipeline/pipeline_rag.py - Overall: ISSUES FOUND
2025-07-02 01:09:24,770 | INFO | src/pynucleus/pipeline/pipeline_dwsim.py - Syntax OK
2025-07-02 01:09:24,770 | INFO | src/pynucleus/pipeline/pipeline_dwsim.py - Imports OK
2025-07-02 01:09:24,770 | INFO | src/pynucleus/pipeline/pipeline_dwsim.py - Execution OK
2025-07-02 01:09:24,771 | INFO | src/pynucleus/pipeline/pipeline_dwsim.py - Overall: HEALTHY
2025-07-02 01:09:24,771 | INFO | src/pynucleus/pipeline/__init__.py - Syntax OK
2025-07-02 01:09:24,772 | INFO | src/pynucleus/pipeline/__init__.py - Imports OK
2025-07-02 01:09:24,772 | WARNING | src/pynucleus/pipeline/__init__.py - Execution warning: No module named 'test_module'...
2025-07-02 01:09:24,773 | WARNING | src/pynucleus/pipeline/__init__.py - Overall: ISSUES FOUND
2025-07-02 01:09:24,780 | INFO | src/pynucleus/pipeline/financial_analyzer.py - Syntax OK
2025-07-02 01:09:24,780 | INFO | src/pynucleus/pipeline/financial_analyzer.py - Imports OK
2025-07-02 01:09:24,782 | WARNING | src/pynucleus/pipeline/financial_analyzer.py - Execution warning: attempted relative import with no known parent package...
2025-07-02 01:09:24,782 | WARNING | src/pynucleus/pipeline/financial_analyzer.py - Overall: ISSUES FOUND
2025-07-02 01:09:24,785 | INFO | src/pynucleus/pipeline/pipeline_utils.py - Syntax OK
2025-07-02 01:09:24,786 | INFO | src/pynucleus/pipeline/pipeline_utils.py - Imports OK
2025-07-02 01:09:24,787 | INFO | src/pynucleus/pipeline/pipeline_utils.py - Execution OK
2025-07-02 01:09:24,787 | INFO | src/pynucleus/pipeline/pipeline_utils.py - Overall: HEALTHY
2025-07-02 01:09:24,788 | INFO | src/pynucleus/rag/vector_store_remote.py - Syntax OK
2025-07-02 01:09:24,788 | INFO | src/pynucleus/rag/vector_store_remote.py - Imports OK
2025-07-02 01:09:24,789 | WARNING | src/pynucleus/rag/vector_store_remote.py - Execution warning: attempted relative import with no known parent package...
2025-07-02 01:09:24,789 | WARNING | src/pynucleus/rag/vector_store_remote.py - Overall: ISSUES FOUND
2025-07-02 01:09:24,794 | INFO | src/pynucleus/rag/vector_store.py - Syntax OK
2025-07-02 01:09:24,794 | INFO | src/pynucleus/rag/vector_store.py - Imports OK
2025-07-02 01:09:24,795 | WARNING | src/pynucleus/rag/vector_store.py - Execution warning: attempted relative import with no known parent package...
2025-07-02 01:09:24,796 | WARNING | src/pynucleus/rag/vector_store.py - Overall: ISSUES FOUND
2025-07-02 01:09:24,798 | INFO | src/pynucleus/rag/wiki_scraper.py - Syntax OK
2025-07-02 01:09:24,798 | INFO | src/pynucleus/rag/wiki_scraper.py - Imports OK
2025-07-02 01:09:24,799 | WARNING | src/pynucleus/rag/wiki_scraper.py - Execution warning: No module named 'loguru'...
2025-07-02 01:09:24,799 | WARNING | src/pynucleus/rag/wiki_scraper.py - Overall: ISSUES FOUND
2025-07-02 01:09:24,801 | INFO | src/pynucleus/rag/embedding_monitor.py - Syntax OK
2025-07-02 01:09:24,801 | INFO | src/pynucleus/rag/embedding_monitor.py - Imports OK
2025-07-02 01:09:24,802 | INFO | src/pynucleus/rag/embedding_monitor.py - Execution OK
2025-07-02 01:09:24,802 | INFO | src/pynucleus/rag/embedding_monitor.py - Overall: HEALTHY
2025-07-02 01:09:24,805 | INFO | src/pynucleus/rag/document_processor.py - Syntax OK
2025-07-02 01:09:24,805 | INFO | src/pynucleus/rag/document_processor.py - Imports OK
2025-07-02 01:09:24,806 | INFO | src/pynucleus/rag/document_processor.py - Execution OK
2025-07-02 01:09:24,807 | INFO | src/pynucleus/rag/document_processor.py - Overall: HEALTHY
2025-07-02 01:09:24,809 | INFO | src/pynucleus/rag/collector.py - Syntax OK
2025-07-02 01:09:24,810 | INFO | src/pynucleus/rag/collector.py - Imports OK
2025-07-02 01:09:24,811 | WARNING | src/pynucleus/rag/collector.py - Execution warning: attempted relative import with no known parent package...
2025-07-02 01:09:24,811 | WARNING | src/pynucleus/rag/collector.py - Overall: ISSUES FOUND
2025-07-02 01:09:24,812 | INFO | src/pynucleus/rag/__init__.py - Syntax OK
2025-07-02 01:09:24,812 | INFO | src/pynucleus/rag/__init__.py - Imports OK
2025-07-02 01:09:24,813 | WARNING | src/pynucleus/rag/__init__.py - Execution warning: No module named 'test_module'...
2025-07-02 01:09:24,813 | WARNING | src/pynucleus/rag/__init__.py - Overall: ISSUES FOUND
2025-07-02 01:09:24,814 | INFO | src/pynucleus/rag/rag_core.py - Syntax OK
2025-07-02 01:09:24,815 | INFO | src/pynucleus/rag/rag_core.py - Imports OK
2025-07-02 01:09:24,815 | INFO | src/pynucleus/rag/rag_core.py - Execution OK
2025-07-02 01:09:24,816 | INFO | src/pynucleus/rag/rag_core.py - Overall: HEALTHY
2025-07-02 01:09:24,819 | INFO | src/pynucleus/rag/engine.py - Syntax OK
2025-07-02 01:09:24,819 | INFO | src/pynucleus/rag/engine.py - Imports OK
2025-07-02 01:09:24,820 | WARNING | src/pynucleus/rag/engine.py - Execution warning: attempted relative import with no known parent package...
2025-07-02 01:09:24,820 | WARNING | src/pynucleus/rag/engine.py - Overall: ISSUES FOUND
2025-07-02 01:09:24,823 | INFO | src/pynucleus/rag/answer_processing.py - Syntax OK
2025-07-02 01:09:24,824 | INFO | src/pynucleus/rag/answer_processing.py - Imports OK
2025-07-02 01:09:24,865 | WARNING | src/pynucleus/rag/answer_processing.py - Execution warning: attempted relative import with no known parent package...
2025-07-02 01:09:24,866 | WARNING | src/pynucleus/rag/answer_processing.py - Overall: ISSUES FOUND
2025-07-02 01:09:24,866 | ERROR | Core Pipeline Scripts Health: FAILED
2025-07-02 01:09:24,866 | WARNING | - 6/17 scripts healthy (35.3%)
2025-07-02 01:09:24,867 | INFO | --- Validating Integration & LLM Scripts ---
2025-07-02 01:09:24,869 | INFO | src/pynucleus/integration/config_manager.py - Syntax OK
2025-07-02 01:09:24,870 | INFO | src/pynucleus/integration/config_manager.py - Imports OK
2025-07-02 01:09:24,871 | INFO | src/pynucleus/integration/config_manager.py - Execution OK
2025-07-02 01:09:24,871 | INFO | src/pynucleus/integration/config_manager.py - Overall: HEALTHY
2025-07-02 01:09:24,871 | INFO | src/pynucleus/integration/__init__.py - Syntax OK
2025-07-02 01:09:24,872 | INFO | src/pynucleus/integration/__init__.py - Imports OK
2025-07-02 01:09:24,872 | WARNING | src/pynucleus/integration/__init__.py - Execution warning: No module named 'test_module'...
2025-07-02 01:09:24,873 | WARNING | src/pynucleus/integration/__init__.py - Overall: ISSUES FOUND
2025-07-02 01:09:24,874 | INFO | src/pynucleus/integration/llm_output_generator.py - Syntax OK
2025-07-02 01:09:24,875 | INFO | src/pynucleus/integration/llm_output_generator.py - Imports OK
2025-07-02 01:09:24,876 | INFO | src/pynucleus/integration/llm_output_generator.py - Execution OK
2025-07-02 01:09:24,876 | INFO | src/pynucleus/integration/llm_output_generator.py - Overall: HEALTHY
2025-07-02 01:09:24,877 | INFO | src/pynucleus/integration/dwsim_rag_integrator.py - Syntax OK
2025-07-02 01:09:24,878 | INFO | src/pynucleus/integration/dwsim_rag_integrator.py - Imports OK
2025-07-02 01:09:24,878 | INFO | src/pynucleus/integration/dwsim_rag_integrator.py - Execution OK
2025-07-02 01:09:24,879 | INFO | src/pynucleus/integration/dwsim_rag_integrator.py - Overall: HEALTHY
2025-07-02 01:09:24,882 | INFO | src/pynucleus/llm/answer_engine.py - Syntax OK
2025-07-02 01:09:24,889 | INFO | src/pynucleus/llm/answer_engine.py - Imports OK
2025-07-02 01:09:24,890 | INFO | src/pynucleus/llm/answer_engine.py - Execution OK
2025-07-02 01:09:24,890 | INFO | src/pynucleus/llm/answer_engine.py - Overall: HEALTHY
2025-07-02 01:09:24,892 | INFO | src/pynucleus/llm/retriever_adapter.py - Syntax OK
2025-07-02 01:09:24,892 | INFO | src/pynucleus/llm/retriever_adapter.py - Imports OK
2025-07-02 01:09:24,893 | INFO | src/pynucleus/llm/retriever_adapter.py - Execution OK
2025-07-02 01:09:24,893 | INFO | src/pynucleus/llm/retriever_adapter.py - Overall: HEALTHY
2025-07-02 01:09:24,894 | INFO | src/pynucleus/llm/prompting.py - Syntax OK
2025-07-02 01:09:24,894 | INFO | src/pynucleus/llm/prompting.py - Imports OK
2025-07-02 01:09:24,895 | WARNING | src/pynucleus/llm/prompting.py - Execution warning: attempted relative import with no known parent package...
2025-07-02 01:09:24,895 | WARNING | src/pynucleus/llm/prompting.py - Overall: ISSUES FOUND
2025-07-02 01:09:24,896 | INFO | src/pynucleus/llm/query_llm.py - Syntax OK
2025-07-02 01:09:24,896 | INFO | src/pynucleus/llm/query_llm.py - Imports OK
2025-07-02 01:09:24,897 | INFO | src/pynucleus/llm/query_llm.py - Execution OK
2025-07-02 01:09:24,897 | INFO | src/pynucleus/llm/query_llm.py - Overall: HEALTHY
2025-07-02 01:09:24,897 | INFO | src/pynucleus/llm/__init__.py - Syntax OK
2025-07-02 01:09:24,898 | INFO | src/pynucleus/llm/__init__.py - Imports OK
2025-07-02 01:09:24,898 | WARNING | src/pynucleus/llm/__init__.py - Execution warning: No module named 'test_module'...
2025-07-02 01:09:24,899 | WARNING | src/pynucleus/llm/__init__.py - Overall: ISSUES FOUND
2025-07-02 01:09:24,900 | INFO | src/pynucleus/llm/simple_local_adapter.py - Syntax OK
2025-07-02 01:09:24,900 | INFO | src/pynucleus/llm/simple_local_adapter.py - Imports OK
2025-07-02 01:09:24,901 | INFO | src/pynucleus/llm/simple_local_adapter.py - Execution OK
2025-07-02 01:09:24,901 | INFO | src/pynucleus/llm/simple_local_adapter.py - Overall: HEALTHY
2025-07-02 01:09:24,902 | INFO | src/pynucleus/llm/device_manager.py - Syntax OK
2025-07-02 01:09:24,903 | INFO | src/pynucleus/llm/device_manager.py - Imports OK
2025-07-02 01:09:24,903 | WARNING | src/pynucleus/llm/device_manager.py - Execution warning: attempted relative import with no known parent package...
2025-07-02 01:09:24,904 | WARNING | src/pynucleus/llm/device_manager.py - Overall: ISSUES FOUND
2025-07-02 01:09:24,905 | INFO | src/pynucleus/llm/model_loader.py - Syntax OK
2025-07-02 01:09:24,906 | INFO | src/pynucleus/llm/model_loader.py - Imports OK
2025-07-02 01:09:24,906 | WARNING | src/pynucleus/llm/model_loader.py - Execution warning: attempted relative import with no known parent package...
2025-07-02 01:09:24,907 | WARNING | src/pynucleus/llm/model_loader.py - Overall: ISSUES FOUND
2025-07-02 01:09:24,907 | INFO | src/pynucleus/llm/qwen_loader.py - Syntax OK
2025-07-02 01:09:24,908 | INFO | src/pynucleus/llm/qwen_loader.py - Imports OK
2025-07-02 01:09:24,908 | WARNING | src/pynucleus/llm/qwen_loader.py - Execution warning: attempted relative import with no known parent package...
2025-07-02 01:09:24,909 | WARNING | src/pynucleus/llm/qwen_loader.py - Overall: ISSUES FOUND
2025-07-02 01:09:24,910 | INFO | src/pynucleus/llm/llm_runner.py - Syntax OK
2025-07-02 01:09:24,910 | INFO | src/pynucleus/llm/llm_runner.py - Imports OK
2025-07-02 01:09:24,910 | INFO | src/pynucleus/llm/llm_runner.py - Execution OK
2025-07-02 01:09:24,911 | INFO | src/pynucleus/llm/llm_runner.py - Overall: HEALTHY
2025-07-02 01:09:24,912 | INFO | src/pynucleus/utils/logging_config.py - Syntax OK
2025-07-02 01:09:24,912 | INFO | src/pynucleus/utils/logging_config.py - Imports OK
2025-07-02 01:09:24,912 | INFO | src/pynucleus/utils/logging_config.py - Execution OK
2025-07-02 01:09:24,913 | INFO | src/pynucleus/utils/logging_config.py - Overall: HEALTHY
2025-07-02 01:09:24,913 | INFO | src/pynucleus/utils/env.py - Syntax OK
2025-07-02 01:09:24,913 | INFO | src/pynucleus/utils/env.py - Imports OK
2025-07-02 01:09:24,914 | INFO | src/pynucleus/utils/env.py - Execution OK
2025-07-02 01:09:24,914 | INFO | src/pynucleus/utils/env.py - Overall: HEALTHY
2025-07-02 01:09:24,915 | INFO | src/pynucleus/utils/__init__.py - Syntax OK
2025-07-02 01:09:24,915 | INFO | src/pynucleus/utils/__init__.py - Imports OK
2025-07-02 01:09:24,915 | WARNING | src/pynucleus/utils/__init__.py - Execution warning: No module named 'test_module'...
2025-07-02 01:09:24,916 | WARNING | src/pynucleus/utils/__init__.py - Overall: ISSUES FOUND
2025-07-02 01:09:24,916 | INFO | src/pynucleus/utils/logger.py - Syntax OK
2025-07-02 01:09:24,917 | INFO | src/pynucleus/utils/logger.py - Imports OK
2025-07-02 01:09:24,917 | WARNING | src/pynucleus/utils/logger.py - Execution warning: attempted relative import with no known parent package...
2025-07-02 01:09:24,917 | WARNING | src/pynucleus/utils/logger.py - Overall: ISSUES FOUND
2025-07-02 01:09:24,918 | INFO | src/pynucleus/utils/telemetry_patch.py - Syntax OK
2025-07-02 01:09:24,918 | INFO | src/pynucleus/utils/telemetry_patch.py - Imports OK
2025-07-02 01:09:24,919 | INFO | src/pynucleus/utils/telemetry_patch.py - Execution OK
2025-07-02 01:09:24,919 | INFO | src/pynucleus/utils/telemetry_patch.py - Overall: HEALTHY
2025-07-02 01:09:24,920 | INFO | src/pynucleus/utils/pretty_formatter.py - Syntax OK
2025-07-02 01:09:24,921 | INFO | src/pynucleus/utils/pretty_formatter.py - Imports OK
2025-07-02 01:09:24,921 | INFO | src/pynucleus/utils/pretty_formatter.py - Execution OK
2025-07-02 01:09:24,921 | INFO | src/pynucleus/utils/pretty_formatter.py - Overall: HEALTHY
2025-07-02 01:09:24,922 | INFO | src/pynucleus/utils/token_utils.py - Syntax OK
2025-07-02 01:09:24,922 | INFO | src/pynucleus/utils/token_utils.py - Imports OK
2025-07-02 01:09:24,923 | INFO | src/pynucleus/utils/token_utils.py - Execution OK
2025-07-02 01:09:24,923 | INFO | src/pynucleus/utils/token_utils.py - Overall: HEALTHY
2025-07-02 01:09:24,923 | ERROR | Integration & LLM Scripts Health: FAILED
2025-07-02 01:09:24,924 | WARNING | - 13/21 scripts healthy (61.9%)
2025-07-02 01:09:24,924 | INFO | --- Validating Entry Point Scripts ---
2025-07-02 01:09:24,929 | INFO | run_pipeline.py - Syntax OK
2025-07-02 01:09:24,929 | INFO | run_pipeline.py - Imports OK
2025-07-02 01:09:24,929 | INFO | run_pipeline.py - Entry point (skipped execution)
2025-07-02 01:09:24,930 | INFO | run_pipeline.py - Overall: HEALTHY
2025-07-02 01:09:24,938 | INFO | src/pynucleus/cli.py - Syntax OK
2025-07-02 01:09:24,938 | INFO | src/pynucleus/cli.py - Imports OK
2025-07-02 01:09:24,939 | INFO | src/pynucleus/cli.py - Entry point (skipped execution)
2025-07-02 01:09:24,939 | INFO | src/pynucleus/cli.py - Overall: HEALTHY
2025-07-02 01:09:24,939 | INFO | Entry Point Scripts Health: PASSED
2025-07-02 01:09:24,940 | WARNING | - 2/2 scripts healthy (100.0%)
2025-07-02 01:09:24,940 | INFO | --- Validating Test Scripts ---
2025-07-02 01:09:24,941 | INFO | scripts/test_output_formatting.py - Syntax OK
2025-07-02 01:09:24,941 | INFO | scripts/test_output_formatting.py - Imports OK
2025-07-02 01:09:24,942 | INFO | scripts/test_output_formatting.py - Execution OK
2025-07-02 01:09:24,942 | INFO | scripts/test_output_formatting.py - Overall: HEALTHY
2025-07-02 01:09:24,945 | INFO | scripts/test_production_monitoring.py - Syntax OK
2025-07-02 01:09:24,945 | INFO | scripts/test_production_monitoring.py - Imports OK
2025-07-02 01:09:24,947 | INFO | scripts/test_production_monitoring.py - Execution OK
2025-07-02 01:09:24,947 | INFO | scripts/test_production_monitoring.py - Overall: HEALTHY
2025-07-02 01:09:24,948 | INFO | scripts/test_output_formatting.py - Syntax OK
2025-07-02 01:09:24,948 | INFO | scripts/test_output_formatting.py - Imports OK
2025-07-02 01:09:24,948 | INFO | scripts/test_output_formatting.py - Execution OK
2025-07-02 01:09:24,948 | INFO | scripts/test_output_formatting.py - Overall: HEALTHY
2025-07-02 01:09:24,950 | INFO | scripts/test_production_monitoring.py - Syntax OK
2025-07-02 01:09:24,951 | INFO | scripts/test_production_monitoring.py - Imports OK
2025-07-02 01:09:24,951 | INFO | scripts/test_production_monitoring.py - Execution OK
2025-07-02 01:09:24,952 | INFO | scripts/test_production_monitoring.py - Overall: HEALTHY
2025-07-02 01:09:24,953 | INFO | scripts/simple_stress_test.py - Syntax OK
2025-07-02 01:09:24,954 | INFO | scripts/simple_stress_test.py - Imports OK
2025-07-02 01:09:24,954 | WARNING | scripts/simple_stress_test.py - Execution warning: No module named 'aiohttp'...
2025-07-02 01:09:24,955 | WARNING | scripts/simple_stress_test.py - Overall: ISSUES FOUND
2025-07-02 01:09:24,957 | INFO | scripts/stress_test_suite.py - Syntax OK
2025-07-02 01:09:24,957 | INFO | scripts/stress_test_suite.py - Imports OK
2025-07-02 01:09:24,958 | WARNING | scripts/stress_test_suite.py - Execution warning: No module named 'aiohttp'...
2025-07-02 01:09:24,958 | WARNING | scripts/stress_test_suite.py - Overall: ISSUES FOUND
2025-07-02 01:09:24,960 | INFO | scripts/stress_test.py - Syntax OK
2025-07-02 01:09:24,961 | INFO | scripts/stress_test.py - Imports OK
2025-07-02 01:09:24,961 | WARNING | scripts/stress_test.py - Execution warning: No module named 'aiohttp'...
2025-07-02 01:09:24,962 | WARNING | scripts/stress_test.py - Overall: ISSUES FOUND
2025-07-02 01:09:24,963 | INFO | scripts/integration_test.py - Syntax OK
2025-07-02 01:09:24,964 | INFO | scripts/integration_test.py - Imports OK
2025-07-02 01:09:24,964 | INFO | scripts/integration_test.py - Execution OK
2025-07-02 01:09:24,964 | INFO | scripts/integration_test.py - Overall: HEALTHY
2025-07-02 01:09:24,965 | ERROR | Test Scripts Health: FAILED
2025-07-02 01:09:24,965 | WARNING | - 5/8 scripts healthy (62.5%)
2025-07-02 01:09:24,965 | INFO | --- Validating Automation Scripts ---
2025-07-02 01:09:24,965 | WARNING | No scripts found for Automation Scripts
2025-07-02 01:09:24,966 | INFO | --- Validating Prompt System Scripts ---
2025-07-02 01:09:24,966 | WARNING | No scripts found for Prompt System Scripts
2025-07-02 01:09:24,966 | INFO | --- Validating Validation Scripts ---
2025-07-02 01:09:25,118 | INFO | scripts/validate_infrastructure.py - Syntax OK
2025-07-02 01:09:25,119 | INFO | scripts/validate_infrastructure.py - Imports OK
2025-07-02 01:09:25,120 | INFO | scripts/validate_infrastructure.py - Execution OK
2025-07-02 01:09:25,120 | INFO | scripts/validate_infrastructure.py - Overall: HEALTHY
2025-07-02 01:09:25,121 | INFO | scripts/validate_rag_factual_accuracy.py - Syntax OK
2025-07-02 01:09:25,122 | INFO | scripts/validate_rag_factual_accuracy.py - Imports OK
2025-07-02 01:09:25,355 | INFO | scripts/validate_rag_factual_accuracy.py - Execution OK
2025-07-02 01:09:25,355 | INFO | scripts/validate_rag_factual_accuracy.py - Overall: HEALTHY
2025-07-02 01:09:25,360 | INFO | scripts/system_validator.py - Syntax OK
2025-07-02 01:09:25,360 | INFO | scripts/system_validator.py - Imports OK
2025-07-02 01:09:25,361 | INFO | scripts/system_validator.py - Execution OK
2025-07-02 01:09:25,362 | INFO | scripts/system_validator.py - Overall: HEALTHY
2025-07-02 01:09:25,364 | INFO | scripts/system_statistics.py - Syntax OK
2025-07-02 01:09:25,364 | INFO | scripts/system_statistics.py - Imports OK
2025-07-02 01:09:25,365 | INFO | scripts/system_statistics.py - Execution OK
2025-07-02 01:09:25,365 | INFO | scripts/system_statistics.py - Overall: HEALTHY
2025-07-02 01:09:25,365 | INFO | Validation Scripts Health: PASSED
2025-07-02 01:09:25,365 | WARNING | - 4/4 scripts healthy (100.0%)
2025-07-02 01:09:25,365 | INFO | === RAG SYSTEM HEALTH CHECK ===
2025-07-02 01:09:25,365 | INFO | RAG Core Import: PASSED
2025-07-02 01:09:25,365 | WARNING | - RAG modules successfully imported
2025-07-02 01:09:25,365 | INFO | Testing RAG system components...
2025-07-02 01:09:25,366 | INFO | RAG System Components: PASSED
2025-07-02 01:09:25,366 | WARNING | - RAG system accessible
2025-07-02 01:09:25,366 | INFO | === DWSIM INTEGRATION CHECK ===
2025-07-02 01:09:25,366 | INFO | DWSIM integration path found: src/pynucleus/integration
2025-07-02 01:09:25,366 | INFO | DWSIM Integration: PASSED
2025-07-02 01:09:25,366 | WARNING | - DWSIM integration modules available
2025-07-02 01:09:25,366 | INFO | === LLM INTEGRATION CHECK ===
2025-07-02 01:09:25,366 | INFO | LLM Runner Import: PASSED
2025-07-02 01:09:25,366 | WARNING | - LLM Runner module available
2025-07-02 01:09:25,366 | ERROR | LLM Query Module: FAILED
2025-07-02 01:09:25,366 | WARNING | - LLM query module not available
2025-07-02 01:09:25,366 | INFO | === PIPELINE COMPONENTS TEST ===
2025-07-02 01:09:25,367 | INFO | Configuration Manager: PASSED
2025-07-02 01:09:25,367 | WARNING | - ConfigManager module available
2025-07-02 01:09:25,367 | INFO | Pipeline Utilities: PASSED
2025-07-02 01:09:25,367 | WARNING | - PipelineUtils module available
2025-07-02 01:09:25,367 | INFO | Results Exporter: PASSED
2025-07-02 01:09:25,367 | WARNING | - ResultsExporter module available
2025-07-02 01:09:25,367 | INFO | === ENHANCED PIPELINE COMPONENTS CHECK ===
2025-07-02 01:09:25,367 | INFO | Enhanced Modules Import: PASSED
2025-07-02 01:09:25,367 | WARNING | - All enhanced modules imported successfully
2025-07-02 01:09:25,367 | INFO | Enhanced ConfigManager: PASSED
2025-07-02 01:09:25,367 | WARNING | - ConfigManager initialized with configs dir
2025-07-02 01:09:25,367 | INFO | Enhanced LLM Generator: PASSED
2025-07-02 01:09:25,367 | WARNING | - LLMOutputGenerator initialized
2025-07-02 01:09:25,367 | INFO | === ENHANCED CONTENT GENERATION CHECK ===
2025-07-02 01:09:25,368 | INFO | Enhanced Content Generation: PASSED
2025-07-02 01:09:25,368 | WARNING | - LLM output generated: llm_analysis_system_test_distillation_20250702_010925.md
2025-07-02 01:09:25,368 | INFO | Enhanced Content Features: PASSED
2025-07-02 01:09:25,368 | WARNING | - All enhanced features present
2025-07-02 01:09:25,368 | INFO | === MOCK INTEGRATION TESTING ===
2025-07-02 01:09:25,370 | INFO | Mock Integration Setup: PASSED
2025-07-02 01:09:25,370 | WARNING | - Created 2 test files
2025-07-02 01:09:25,370 | INFO | Processed JSON: test_config.json (2 keys)
2025-07-02 01:09:25,371 | INFO | Processed CSV: test_config.csv (2 rows)
2025-07-02 01:09:25,371 | INFO | Mock Integration Processing: PASSED
2025-07-02 01:09:25,371 | WARNING | - Processed 2/2 files successfully
2025-07-02 01:09:25,371 | INFO | === TOKEN UTILITIES TEST ===
2025-07-02 01:09:25,537 | INFO | Token Counting: PASSED
2025-07-02 01:09:25,537 | WARNING | - Successfully counted 17 tokens
2025-07-02 01:09:25,540 | INFO | === CONFIGURATION MANAGEMENT TEST ===
2025-07-02 01:09:25,540 | INFO | Configuration Manager Instantiation: PASSED
2025-07-02 01:09:25,541 | WARNING | - ConfigManager created successfully
2025-07-02 01:09:25,541 | INFO | Configuration Manager with Directory: PASSED
2025-07-02 01:09:25,541 | WARNING | - ConfigManager with custom directory works
2025-07-02 01:09:25,541 | INFO | === COMPREHENSIVE DIAGNOSTIC REPORT ===
2025-07-02 01:09:25,541 | INFO | Execution Time: 0.93 seconds
2025-07-02 01:09:25,541 | INFO | Total System Checks: 44
2025-07-02 01:09:25,541 | INFO | Passed System Checks: 40
2025-07-02 01:09:25,541 | INFO | --- SCRIPT VALIDATION SUMMARY ---
2025-07-02 01:09:25,541 | INFO | Total Scripts Validated: 52
2025-07-02 01:09:25,541 | INFO | Healthy Scripts: 30
2025-07-02 01:09:25,541 | INFO | Script Health Rate: 57.7%
2025-07-02 01:09:25,541 | INFO | Execution Success Rate: 56.0% (28/50)
2025-07-02 01:09:25,541 | INFO | --- PIPELINE HEALTH STATUS ---
2025-07-02 01:09:25,541 | INFO | RAG System: HEALTHY
2025-07-02 01:09:25,541 | INFO | DWSIM Integration: HEALTHY
2025-07-02 01:09:25,541 | INFO | Overall Integration: ISSUES
2025-07-02 01:09:25,541 | INFO | --- SCRIPT CATEGORY BREAKDOWN ---
2025-07-02 01:09:25,541 | INFO | Core Pipeline Scripts: 6/17 (35.3%)
2025-07-02 01:09:25,541 | INFO | Integration & LLM Scripts: 13/21 (61.9%)
2025-07-02 01:09:25,541 | INFO | Entry Point Scripts: 2/2 (100.0%)
2025-07-02 01:09:25,541 | INFO | Test Scripts: 5/8 (62.5%)
2025-07-02 01:09:25,541 | INFO | Validation Scripts: 4/4 (100.0%)
2025-07-02 01:09:25,541 | INFO | --- FINAL ASSESSMENT ---
2025-07-02 01:09:25,541 | INFO | Overall Success Rate: 90.9%
2025-07-02 01:09:25,541 | INFO | SYSTEM STATUS: VERY GOOD
2025-07-02 01:09:25,541 | INFO | System is in excellent condition with minor issues.
2025-07-02 01:09:25,542 | INFO | Script validation results saved to: data/validation/diagnostic_results/diagnostic_script_validation_20250702_010925.json
