2025-07-02 01:05:33,369 | INFO | Starting Comprehensive PyNucleus System Diagnostic...
2025-07-02 01:05:33,373 | INFO | Started at: 2025-07-02 01:05:33
2025-07-02 01:05:33,373 | INFO | === PYTHON ENVIRONMENT CHECK ===
2025-07-02 01:05:33,373 | INFO | Python Version: 3.13.4 (main, Jun 3 2025, 15:34:24) [Clang 17.0.0 (clang-1700.0.13.3)]
2025-07-02 01:05:33,374 | INFO | Python Version: PASSED
2025-07-02 01:05:33,374 | WARNING | - Version 3.13 meets requirements
2025-07-02 01:05:33,374 | INFO | Python executable: /Users/mohammadalmusaiteer/PyNucleus-Model/pynucleus_env/bin/python
2025-07-02 01:05:33,374 | INFO | Python path includes src: True
2025-07-02 01:05:33,375 | INFO | === COMPREHENSIVE DEPENDENCIES CHECK ===
2025-07-02 01:05:33,375 | INFO | Core Dependencies:
2025-07-02 01:05:33,375 | INFO | numpy: PASSED
2025-07-02 01:05:33,375 | WARNING | - Package available
2025-07-02 01:05:33,376 | INFO | pandas: PASSED
2025-07-02 01:05:33,376 | WARNING | - Package available
2025-07-02 01:05:33,376 | INFO | requests: PASSED
2025-07-02 01:05:33,376 | WARNING | - Package available
2025-07-02 01:05:33,377 | INFO | tqdm: PASSED
2025-07-02 01:05:33,377 | WARNING | - Package available
2025-07-02 01:05:33,377 | INFO | typer: PASSED
2025-07-02 01:05:33,377 | WARNING | - Package available
2025-07-02 01:05:33,378 | INFO | pathlib: PASSED
2025-07-02 01:05:33,378 | WARNING | - Package available
2025-07-02 01:05:33,378 | INFO | dataclasses: PASSED
2025-07-02 01:05:33,378 | WARNING | - Package available
2025-07-02 01:05:33,379 | INFO | asyncio: PASSED
2025-07-02 01:05:33,379 | WARNING | - Package available
2025-07-02 01:05:33,379 | INFO | concurrent: PASSED
2025-07-02 01:05:33,379 | WARNING | - Package available
2025-07-02 01:05:33,380 | INFO | Optional Dependencies:
2025-07-02 01:05:33,380 | INFO | jupyter: PASSED
2025-07-02 01:05:33,380 | WARNING | - Optional package - not required
2025-07-02 01:05:33,381 | INFO | notebook: PASSED
2025-07-02 01:05:33,381 | WARNING | - Optional package - not required
2025-07-02 01:05:33,381 | INFO | faiss-cpu: PASSED
2025-07-02 01:05:33,381 | WARNING | - Optional package - not required
2025-07-02 01:05:33,382 | INFO | transformers: PASSED
2025-07-02 01:05:33,382 | WARNING | - Package available
2025-07-02 01:05:33,382 | INFO | torch: PASSED
2025-07-02 01:05:33,382 | WARNING | - Package available
2025-07-02 01:05:33,383 | INFO | === DOCKER ENVIRONMENT CHECK ===
2025-07-02 01:05:33,489 | INFO | Docker Availability: PASSED
2025-07-02 01:05:33,490 | WARNING | - Version: Docker version 28.1.1, build 4eba377
2025-07-02 01:05:33,490 | INFO | === DIRECTORY STRUCTURE CHECK ===
2025-07-02 01:05:33,490 | INFO | Directory: src/pynucleus: PASSED
2025-07-02 01:05:33,490 | WARNING | - Required directory exists
2025-07-02 01:05:33,491 | INFO | Directory: configs: PASSED
2025-07-02 01:05:33,491 | WARNING | - Required directory exists
2025-07-02 01:05:33,491 | INFO | Directory: data: PASSED
2025-07-02 01:05:33,491 | WARNING | - Required directory exists
2025-07-02 01:05:33,492 | INFO | Directory: logs: PASSED
2025-07-02 01:05:33,492 | WARNING | - Required directory exists
2025-07-02 01:05:33,492 | INFO | Directory: scripts: PASSED
2025-07-02 01:05:33,492 | WARNING | - Required directory exists
2025-07-02 01:05:33,493 | INFO | Optional directory found: data/05_output/llm_reports
2025-07-02 01:05:33,493 | INFO | Optional directory found: data/validation/diagnostic_results
2025-07-02 01:05:33,493 | WARNING | Optional directory missing: dwsim_rag_integration
2025-07-02 01:05:33,493 | INFO | === COMPREHENSIVE SCRIPT VALIDATION ===
2025-07-02 01:05:33,494 | INFO | --- Validating Core Pipeline Scripts ---
2025-07-02 01:05:33,505 | INFO | src/pynucleus/pipeline/plant_builder.py - Syntax OK
2025-07-02 01:05:33,506 | INFO | src/pynucleus/pipeline/plant_builder.py - Imports OK
2025-07-02 01:05:33,509 | WARNING | src/pynucleus/pipeline/plant_builder.py - Execution warning: attempted relative import with no known parent package...
2025-07-02 01:05:33,509 | WARNING | src/pynucleus/pipeline/plant_builder.py - Overall: ISSUES FOUND
2025-07-02 01:05:33,510 | INFO | src/pynucleus/pipeline/results_exporter.py - Syntax OK
2025-07-02 01:05:33,511 | INFO | src/pynucleus/pipeline/results_exporter.py - Imports OK
2025-07-02 01:05:33,511 | INFO | src/pynucleus/pipeline/results_exporter.py - Execution OK
2025-07-02 01:05:33,512 | INFO | src/pynucleus/pipeline/results_exporter.py - Overall: HEALTHY
2025-07-02 01:05:33,513 | INFO | src/pynucleus/pipeline/pipeline_rag.py - Syntax OK
2025-07-02 01:05:33,514 | INFO | src/pynucleus/pipeline/pipeline_rag.py - Imports OK
2025-07-02 01:05:33,514 | WARNING | src/pynucleus/pipeline/pipeline_rag.py - Execution warning: attempted relative import with no known parent package...
2025-07-02 01:05:33,516 | WARNING | src/pynucleus/pipeline/pipeline_rag.py - Overall: ISSUES FOUND
2025-07-02 01:05:33,516 | INFO | src/pynucleus/pipeline/pipeline_dwsim.py - Syntax OK
2025-07-02 01:05:33,517 | INFO | src/pynucleus/pipeline/pipeline_dwsim.py - Imports OK
2025-07-02 01:05:33,517 | INFO | src/pynucleus/pipeline/pipeline_dwsim.py - Execution OK
2025-07-02 01:05:33,518 | INFO | src/pynucleus/pipeline/pipeline_dwsim.py - Overall: HEALTHY
2025-07-02 01:05:33,520 | INFO | src/pynucleus/pipeline/__init__.py - Syntax OK
2025-07-02 01:05:33,520 | INFO | src/pynucleus/pipeline/__init__.py - Imports OK
2025-07-02 01:05:33,520 | WARNING | src/pynucleus/pipeline/__init__.py - Execution warning: No module named 'test_module'...
2025-07-02 01:05:33,521 | WARNING | src/pynucleus/pipeline/__init__.py - Overall: ISSUES FOUND
2025-07-02 01:05:33,527 | INFO | src/pynucleus/pipeline/financial_analyzer.py - Syntax OK
2025-07-02 01:05:33,527 | INFO | src/pynucleus/pipeline/financial_analyzer.py - Imports OK
2025-07-02 01:05:33,528 | WARNING | src/pynucleus/pipeline/financial_analyzer.py - Execution warning: attempted relative import with no known parent package...
2025-07-02 01:05:33,529 | WARNING | src/pynucleus/pipeline/financial_analyzer.py - Overall: ISSUES FOUND
2025-07-02 01:05:33,531 | INFO | src/pynucleus/pipeline/pipeline_utils.py - Syntax OK
2025-07-02 01:05:33,532 | INFO | src/pynucleus/pipeline/pipeline_utils.py - Imports OK
2025-07-02 01:05:33,534 | INFO | src/pynucleus/pipeline/pipeline_utils.py - Execution OK
2025-07-02 01:05:33,534 | INFO | src/pynucleus/pipeline/pipeline_utils.py - Overall: HEALTHY
2025-07-02 01:05:33,537 | INFO | src/pynucleus/rag/vector_store_remote.py - Syntax OK
2025-07-02 01:05:33,537 | INFO | src/pynucleus/rag/vector_store_remote.py - Imports OK
2025-07-02 01:05:33,538 | WARNING | src/pynucleus/rag/vector_store_remote.py - Execution warning: attempted relative import with no known parent package...
2025-07-02 01:05:33,538 | WARNING | src/pynucleus/rag/vector_store_remote.py - Overall: ISSUES FOUND
2025-07-02 01:05:33,542 | INFO | src/pynucleus/rag/vector_store.py - Syntax OK
2025-07-02 01:05:33,542 | INFO | src/pynucleus/rag/vector_store.py - Imports OK
2025-07-02 01:05:33,543 | WARNING | src/pynucleus/rag/vector_store.py - Execution warning: attempted relative import with no known parent package...
2025-07-02 01:05:33,543 | WARNING | src/pynucleus/rag/vector_store.py - Overall: ISSUES FOUND
2025-07-02 01:05:33,545 | INFO | src/pynucleus/rag/wiki_scraper.py - Syntax OK
2025-07-02 01:05:33,546 | INFO | src/pynucleus/rag/wiki_scraper.py - Imports OK
2025-07-02 01:05:33,546 | WARNING | src/pynucleus/rag/wiki_scraper.py - Execution warning: No module named 'loguru'...
2025-07-02 01:05:33,547 | WARNING | src/pynucleus/rag/wiki_scraper.py - Overall: ISSUES FOUND
2025-07-02 01:05:33,548 | INFO | src/pynucleus/rag/embedding_monitor.py - Syntax OK
2025-07-02 01:05:33,548 | INFO | src/pynucleus/rag/embedding_monitor.py - Imports OK
2025-07-02 01:05:33,548 | INFO | src/pynucleus/rag/embedding_monitor.py - Execution OK
2025-07-02 01:05:33,549 | INFO | src/pynucleus/rag/embedding_monitor.py - Overall: HEALTHY
2025-07-02 01:05:33,551 | INFO | src/pynucleus/rag/document_processor.py - Syntax OK
2025-07-02 01:05:33,551 | INFO | src/pynucleus/rag/document_processor.py - Imports OK
2025-07-02 01:05:33,552 | INFO | src/pynucleus/rag/document_processor.py - Execution OK
2025-07-02 01:05:33,552 | INFO | src/pynucleus/rag/document_processor.py - Overall: HEALTHY
2025-07-02 01:05:33,555 | INFO | src/pynucleus/rag/collector.py - Syntax OK
2025-07-02 01:05:33,555 | INFO | src/pynucleus/rag/collector.py - Imports OK
2025-07-02 01:05:33,555 | WARNING | src/pynucleus/rag/collector.py - Execution warning: attempted relative import with no known parent package...
2025-07-02 01:05:33,556 | WARNING | src/pynucleus/rag/collector.py - Overall: ISSUES FOUND
2025-07-02 01:05:33,556 | INFO | src/pynucleus/rag/__init__.py - Syntax OK
2025-07-02 01:05:33,557 | INFO | src/pynucleus/rag/__init__.py - Imports OK
2025-07-02 01:05:33,557 | WARNING | src/pynucleus/rag/__init__.py - Execution warning: No module named 'test_module'...
2025-07-02 01:05:33,558 | WARNING | src/pynucleus/rag/__init__.py - Overall: ISSUES FOUND
2025-07-02 01:05:33,559 | INFO | src/pynucleus/rag/rag_core.py - Syntax OK
2025-07-02 01:05:33,559 | INFO | src/pynucleus/rag/rag_core.py - Imports OK
2025-07-02 01:05:33,560 | INFO | src/pynucleus/rag/rag_core.py - Execution OK
2025-07-02 01:05:33,560 | INFO | src/pynucleus/rag/rag_core.py - Overall: HEALTHY
2025-07-02 01:05:33,562 | INFO | src/pynucleus/rag/engine.py - Syntax OK
2025-07-02 01:05:33,563 | INFO | src/pynucleus/rag/engine.py - Imports OK
2025-07-02 01:05:33,567 | WARNING | src/pynucleus/rag/engine.py - Execution warning: attempted relative import with no known parent package...
2025-07-02 01:05:33,567 | WARNING | src/pynucleus/rag/engine.py - Overall: ISSUES FOUND
2025-07-02 01:05:33,571 | INFO | src/pynucleus/rag/answer_processing.py - Syntax OK
2025-07-02 01:05:33,571 | INFO | src/pynucleus/rag/answer_processing.py - Imports OK
2025-07-02 01:05:33,610 | WARNING | src/pynucleus/rag/answer_processing.py - Execution warning: attempted relative import with no known parent package...
2025-07-02 01:05:33,610 | WARNING | src/pynucleus/rag/answer_processing.py - Overall: ISSUES FOUND
2025-07-02 01:05:33,611 | ERROR | Core Pipeline Scripts Health: FAILED
2025-07-02 01:05:33,611 | WARNING | - 6/17 scripts healthy (35.3%)
2025-07-02 01:05:33,611 | INFO | --- Validating Integration & LLM Scripts ---
2025-07-02 01:05:33,613 | INFO | src/pynucleus/integration/config_manager.py - Syntax OK
2025-07-02 01:05:33,613 | INFO | src/pynucleus/integration/config_manager.py - Imports OK
2025-07-02 01:05:33,614 | INFO | src/pynucleus/integration/config_manager.py - Execution OK
2025-07-02 01:05:33,614 | INFO | src/pynucleus/integration/config_manager.py - Overall: HEALTHY
2025-07-02 01:05:33,615 | INFO | src/pynucleus/integration/__init__.py - Syntax OK
2025-07-02 01:05:33,615 | INFO | src/pynucleus/integration/__init__.py - Imports OK
2025-07-02 01:05:33,616 | WARNING | src/pynucleus/integration/__init__.py - Execution warning: No module named 'test_module'...
2025-07-02 01:05:33,616 | WARNING | src/pynucleus/integration/__init__.py - Overall: ISSUES FOUND
2025-07-02 01:05:33,617 | INFO | src/pynucleus/integration/llm_output_generator.py - Syntax OK
2025-07-02 01:05:33,617 | INFO | src/pynucleus/integration/llm_output_generator.py - Imports OK
2025-07-02 01:05:33,618 | INFO | src/pynucleus/integration/llm_output_generator.py - Execution OK
2025-07-02 01:05:33,618 | INFO | src/pynucleus/integration/llm_output_generator.py - Overall: HEALTHY
2025-07-02 01:05:33,619 | INFO | src/pynucleus/integration/dwsim_rag_integrator.py - Syntax OK
2025-07-02 01:05:33,619 | INFO | src/pynucleus/integration/dwsim_rag_integrator.py - Imports OK
2025-07-02 01:05:33,620 | INFO | src/pynucleus/integration/dwsim_rag_integrator.py - Execution OK
2025-07-02 01:05:33,620 | INFO | src/pynucleus/integration/dwsim_rag_integrator.py - Overall: HEALTHY
2025-07-02 01:05:33,623 | INFO | src/pynucleus/llm/answer_engine.py - Syntax OK
2025-07-02 01:05:33,623 | INFO | src/pynucleus/llm/answer_engine.py - Imports OK
2025-07-02 01:05:33,624 | INFO | src/pynucleus/llm/answer_engine.py - Execution OK
2025-07-02 01:05:33,624 | INFO | src/pynucleus/llm/answer_engine.py - Overall: HEALTHY
2025-07-02 01:05:33,625 | INFO | src/pynucleus/llm/retriever_adapter.py - Syntax OK
2025-07-02 01:05:33,625 | INFO | src/pynucleus/llm/retriever_adapter.py - Imports OK
2025-07-02 01:05:33,626 | INFO | src/pynucleus/llm/retriever_adapter.py - Execution OK
2025-07-02 01:05:33,626 | INFO | src/pynucleus/llm/retriever_adapter.py - Overall: HEALTHY
2025-07-02 01:05:33,627 | INFO | src/pynucleus/llm/prompting.py - Syntax OK
2025-07-02 01:05:33,627 | INFO | src/pynucleus/llm/prompting.py - Imports OK
2025-07-02 01:05:33,628 | WARNING | src/pynucleus/llm/prompting.py - Execution warning: attempted relative import with no known parent package...
2025-07-02 01:05:33,628 | WARNING | src/pynucleus/llm/prompting.py - Overall: ISSUES FOUND
2025-07-02 01:05:33,629 | INFO | src/pynucleus/llm/query_llm.py - Syntax OK
2025-07-02 01:05:33,629 | INFO | src/pynucleus/llm/query_llm.py - Imports OK
2025-07-02 01:05:33,630 | INFO | src/pynucleus/llm/query_llm.py - Execution OK
2025-07-02 01:05:33,630 | INFO | src/pynucleus/llm/query_llm.py - Overall: HEALTHY
2025-07-02 01:05:33,630 | INFO | src/pynucleus/llm/__init__.py - Syntax OK
2025-07-02 01:05:33,630 | INFO | src/pynucleus/llm/__init__.py - Imports OK
2025-07-02 01:05:33,631 | WARNING | src/pynucleus/llm/__init__.py - Execution warning: No module named 'test_module'...
2025-07-02 01:05:33,631 | WARNING | src/pynucleus/llm/__init__.py - Overall: ISSUES FOUND
2025-07-02 01:05:33,633 | INFO | src/pynucleus/llm/simple_local_adapter.py - Syntax OK
2025-07-02 01:05:33,633 | INFO | src/pynucleus/llm/simple_local_adapter.py - Imports OK
2025-07-02 01:05:33,634 | INFO | src/pynucleus/llm/simple_local_adapter.py - Execution OK
2025-07-02 01:05:33,634 | INFO | src/pynucleus/llm/simple_local_adapter.py - Overall: HEALTHY
2025-07-02 01:05:33,635 | INFO | src/pynucleus/llm/device_manager.py - Syntax OK
2025-07-02 01:05:33,636 | INFO | src/pynucleus/llm/device_manager.py - Imports OK
2025-07-02 01:05:33,636 | WARNING | src/pynucleus/llm/device_manager.py - Execution warning: attempted relative import with no known parent package...
2025-07-02 01:05:33,637 | WARNING | src/pynucleus/llm/device_manager.py - Overall: ISSUES FOUND
2025-07-02 01:05:33,638 | INFO | src/pynucleus/llm/model_loader.py - Syntax OK
2025-07-02 01:05:33,638 | INFO | src/pynucleus/llm/model_loader.py - Imports OK
2025-07-02 01:05:33,639 | WARNING | src/pynucleus/llm/model_loader.py - Execution warning: attempted relative import with no known parent package...
2025-07-02 01:05:33,639 | WARNING | src/pynucleus/llm/model_loader.py - Overall: ISSUES FOUND
2025-07-02 01:05:33,640 | INFO | src/pynucleus/llm/qwen_loader.py - Syntax OK
2025-07-02 01:05:33,640 | INFO | src/pynucleus/llm/qwen_loader.py - Imports OK
2025-07-02 01:05:33,641 | WARNING | src/pynucleus/llm/qwen_loader.py - Execution warning: attempted relative import with no known parent package...
2025-07-02 01:05:33,641 | WARNING | src/pynucleus/llm/qwen_loader.py - Overall: ISSUES FOUND
2025-07-02 01:05:33,642 | INFO | src/pynucleus/llm/llm_runner.py - Syntax OK
2025-07-02 01:05:33,643 | INFO | src/pynucleus/llm/llm_runner.py - Imports OK
2025-07-02 01:05:33,643 | INFO | src/pynucleus/llm/llm_runner.py - Execution OK
2025-07-02 01:05:33,643 | INFO | src/pynucleus/llm/llm_runner.py - Overall: HEALTHY
2025-07-02 01:05:33,644 | INFO | src/pynucleus/utils/logging_config.py - Syntax OK
2025-07-02 01:05:33,644 | INFO | src/pynucleus/utils/logging_config.py - Imports OK
2025-07-02 01:05:33,645 | INFO | src/pynucleus/utils/logging_config.py - Execution OK
2025-07-02 01:05:33,645 | INFO | src/pynucleus/utils/logging_config.py - Overall: HEALTHY
2025-07-02 01:05:33,646 | INFO | src/pynucleus/utils/env.py - Syntax OK
2025-07-02 01:05:33,646 | INFO | src/pynucleus/utils/env.py - Imports OK
2025-07-02 01:05:33,647 | INFO | src/pynucleus/utils/env.py - Execution OK
2025-07-02 01:05:33,647 | INFO | src/pynucleus/utils/env.py - Overall: HEALTHY
2025-07-02 01:05:33,647 | INFO | src/pynucleus/utils/__init__.py - Syntax OK
2025-07-02 01:05:33,647 | INFO | src/pynucleus/utils/__init__.py - Imports OK
2025-07-02 01:05:33,648 | WARNING | src/pynucleus/utils/__init__.py - Execution warning: No module named 'test_module'...
2025-07-02 01:05:33,648 | WARNING | src/pynucleus/utils/__init__.py - Overall: ISSUES FOUND
2025-07-02 01:05:33,649 | INFO | src/pynucleus/utils/logger.py - Syntax OK
2025-07-02 01:05:33,649 | INFO | src/pynucleus/utils/logger.py - Imports OK
2025-07-02 01:05:33,650 | WARNING | src/pynucleus/utils/logger.py - Execution warning: attempted relative import with no known parent package...
2025-07-02 01:05:33,650 | WARNING | src/pynucleus/utils/logger.py - Overall: ISSUES FOUND
2025-07-02 01:05:33,651 | INFO | src/pynucleus/utils/telemetry_patch.py - Syntax OK
2025-07-02 01:05:33,651 | INFO | src/pynucleus/utils/telemetry_patch.py - Imports OK
2025-07-02 01:05:33,652 | INFO | src/pynucleus/utils/telemetry_patch.py - Execution OK
2025-07-02 01:05:33,652 | INFO | src/pynucleus/utils/telemetry_patch.py - Overall: HEALTHY
2025-07-02 01:05:33,653 | INFO | src/pynucleus/utils/pretty_formatter.py - Syntax OK
2025-07-02 01:05:33,653 | INFO | src/pynucleus/utils/pretty_formatter.py - Imports OK
2025-07-02 01:05:33,654 | INFO | src/pynucleus/utils/pretty_formatter.py - Execution OK
2025-07-02 01:05:33,654 | INFO | src/pynucleus/utils/pretty_formatter.py - Overall: HEALTHY
2025-07-02 01:05:33,655 | INFO | src/pynucleus/utils/token_utils.py - Syntax OK
2025-07-02 01:05:33,655 | INFO | src/pynucleus/utils/token_utils.py - Imports OK
2025-07-02 01:05:33,655 | INFO | src/pynucleus/utils/token_utils.py - Execution OK
2025-07-02 01:05:33,656 | INFO | src/pynucleus/utils/token_utils.py - Overall: HEALTHY
2025-07-02 01:05:33,656 | ERROR | Integration & LLM Scripts Health: FAILED
2025-07-02 01:05:33,656 | WARNING | - 13/21 scripts healthy (61.9%)
2025-07-02 01:05:33,656 | INFO | --- Validating Entry Point Scripts ---
2025-07-02 01:05:33,661 | INFO | run_pipeline.py - Syntax OK
2025-07-02 01:05:33,661 | INFO | run_pipeline.py - Imports OK
2025-07-02 01:05:33,661 | INFO | run_pipeline.py - Entry point (skipped execution)
2025-07-02 01:05:33,662 | INFO | run_pipeline.py - Overall: HEALTHY
2025-07-02 01:05:33,670 | INFO | src/pynucleus/cli.py - Syntax OK
2025-07-02 01:05:33,670 | INFO | src/pynucleus/cli.py - Imports OK
2025-07-02 01:05:33,670 | INFO | src/pynucleus/cli.py - Entry point (skipped execution)
2025-07-02 01:05:33,671 | INFO | src/pynucleus/cli.py - Overall: HEALTHY
2025-07-02 01:05:33,671 | INFO | Entry Point Scripts Health: PASSED
2025-07-02 01:05:33,671 | WARNING | - 2/2 scripts healthy (100.0%)
2025-07-02 01:05:33,671 | INFO | --- Validating Test Scripts ---
2025-07-02 01:05:33,677 | INFO | scripts/test_output_formatting.py - Syntax OK
2025-07-02 01:05:33,677 | INFO | scripts/test_output_formatting.py - Imports OK
2025-07-02 01:05:33,681 | INFO | scripts/test_output_formatting.py - Execution OK
2025-07-02 01:05:33,681 | INFO | scripts/test_output_formatting.py - Overall: HEALTHY
2025-07-02 01:05:33,686 | INFO | scripts/test_production_monitoring.py - Syntax OK
2025-07-02 01:05:33,686 | INFO | scripts/test_production_monitoring.py - Imports OK
2025-07-02 01:05:33,690 | INFO | scripts/test_production_monitoring.py - Execution OK
2025-07-02 01:05:33,691 | INFO | scripts/test_production_monitoring.py - Overall: HEALTHY
2025-07-02 01:05:33,691 | INFO | scripts/test_output_formatting.py - Syntax OK
2025-07-02 01:05:33,691 | INFO | scripts/test_output_formatting.py - Imports OK
2025-07-02 01:05:33,692 | INFO | scripts/test_output_formatting.py - Execution OK
2025-07-02 01:05:33,692 | INFO | scripts/test_output_formatting.py - Overall: HEALTHY
2025-07-02 01:05:33,694 | INFO | scripts/test_production_monitoring.py - Syntax OK
2025-07-02 01:05:33,695 | INFO | scripts/test_production_monitoring.py - Imports OK
2025-07-02 01:05:33,695 | INFO | scripts/test_production_monitoring.py - Execution OK
2025-07-02 01:05:33,696 | INFO | scripts/test_production_monitoring.py - Overall: HEALTHY
2025-07-02 01:05:33,698 | INFO | scripts/simple_stress_test.py - Syntax OK
2025-07-02 01:05:33,699 | INFO | scripts/simple_stress_test.py - Imports OK
2025-07-02 01:05:33,703 | WARNING | scripts/simple_stress_test.py - Execution warning: No module named 'aiohttp'...
2025-07-02 01:05:33,703 | WARNING | scripts/simple_stress_test.py - Overall: ISSUES FOUND
2025-07-02 01:05:33,706 | INFO | scripts/stress_test_suite.py - Syntax OK
2025-07-02 01:05:33,707 | INFO | scripts/stress_test_suite.py - Imports OK
2025-07-02 01:05:33,709 | WARNING | scripts/stress_test_suite.py - Execution warning: No module named 'aiohttp'...
2025-07-02 01:05:33,709 | WARNING | scripts/stress_test_suite.py - Overall: ISSUES FOUND
2025-07-02 01:05:33,712 | INFO | scripts/stress_test.py - Syntax OK
2025-07-02 01:05:33,712 | INFO | scripts/stress_test.py - Imports OK
2025-07-02 01:05:33,713 | WARNING | scripts/stress_test.py - Execution warning: No module named 'aiohttp'...
2025-07-02 01:05:33,713 | WARNING | scripts/stress_test.py - Overall: ISSUES FOUND
2025-07-02 01:05:33,715 | INFO | scripts/integration_test.py - Syntax OK
2025-07-02 01:05:33,715 | INFO | scripts/integration_test.py - Imports OK
2025-07-02 01:05:33,716 | INFO | scripts/integration_test.py - Execution OK
2025-07-02 01:05:33,716 | INFO | scripts/integration_test.py - Overall: HEALTHY
2025-07-02 01:05:33,716 | ERROR | Test Scripts Health: FAILED
2025-07-02 01:05:33,716 | WARNING | - 5/8 scripts healthy (62.5%)
2025-07-02 01:05:33,717 | INFO | --- Validating Automation Scripts ---
2025-07-02 01:05:33,717 | WARNING | No scripts found for Automation Scripts
2025-07-02 01:05:33,717 | INFO | --- Validating Prompt System Scripts ---
2025-07-02 01:05:33,717 | WARNING | No scripts found for Prompt System Scripts
2025-07-02 01:05:33,718 | INFO | --- Validating Validation Scripts ---
2025-07-02 01:05:33,843 | INFO | scripts/validate_infrastructure.py - Syntax OK
2025-07-02 01:05:33,844 | INFO | scripts/validate_infrastructure.py - Imports OK
2025-07-02 01:05:33,844 | INFO | scripts/validate_infrastructure.py - Execution OK
2025-07-02 01:05:33,845 | INFO | scripts/validate_infrastructure.py - Overall: HEALTHY
2025-07-02 01:05:33,846 | INFO | scripts/validate_rag_factual_accuracy.py - Syntax OK
2025-07-02 01:05:33,846 | INFO | scripts/validate_rag_factual_accuracy.py - Imports OK
2025-07-02 01:05:33,905 | INFO | scripts/validate_rag_factual_accuracy.py - Execution OK
2025-07-02 01:05:33,905 | INFO | scripts/validate_rag_factual_accuracy.py - Overall: HEALTHY
2025-07-02 01:05:33,909 | INFO | scripts/system_validator.py - Syntax OK
2025-07-02 01:05:33,909 | INFO | scripts/system_validator.py - Imports OK
2025-07-02 01:05:33,910 | INFO | scripts/system_validator.py - Execution OK
2025-07-02 01:05:33,910 | INFO | scripts/system_validator.py - Overall: HEALTHY
2025-07-02 01:05:33,912 | INFO | scripts/system_statistics.py - Syntax OK
2025-07-02 01:05:33,912 | INFO | scripts/system_statistics.py - Imports OK
2025-07-02 01:05:33,913 | INFO | scripts/system_statistics.py - Execution OK
2025-07-02 01:05:33,913 | INFO | scripts/system_statistics.py - Overall: HEALTHY
2025-07-02 01:05:33,913 | INFO | Validation Scripts Health: PASSED
2025-07-02 01:05:33,913 | WARNING | - 4/4 scripts healthy (100.0%)
2025-07-02 01:05:33,913 | INFO | === RAG SYSTEM HEALTH CHECK ===
2025-07-02 01:05:33,913 | INFO | RAG Core Import: PASSED
2025-07-02 01:05:33,913 | WARNING | - RAG modules successfully imported
2025-07-02 01:05:33,913 | INFO | Testing RAG system components...
2025-07-02 01:05:33,913 | INFO | RAG System Components: PASSED
2025-07-02 01:05:33,913 | WARNING | - RAG system accessible
2025-07-02 01:05:33,913 | INFO | === DWSIM INTEGRATION CHECK ===
2025-07-02 01:05:33,913 | INFO | DWSIM integration path found: src/pynucleus/integration
2025-07-02 01:05:33,913 | INFO | DWSIM Integration: PASSED
2025-07-02 01:05:33,913 | WARNING | - DWSIM integration modules available
2025-07-02 01:05:33,913 | INFO | === LLM INTEGRATION CHECK ===
2025-07-02 01:05:33,913 | INFO | LLM Runner Import: PASSED
2025-07-02 01:05:33,913 | WARNING | - LLM Runner module available
2025-07-02 01:05:33,913 | ERROR | LLM Query Module: FAILED
2025-07-02 01:05:33,913 | WARNING | - LLM query module not available
2025-07-02 01:05:33,913 | INFO | === PIPELINE COMPONENTS TEST ===
2025-07-02 01:05:33,914 | INFO | Configuration Manager: PASSED
2025-07-02 01:05:33,914 | WARNING | - ConfigManager module available
2025-07-02 01:05:33,914 | INFO | Pipeline Utilities: PASSED
2025-07-02 01:05:33,914 | WARNING | - PipelineUtils module available
2025-07-02 01:05:33,914 | INFO | Results Exporter: PASSED
2025-07-02 01:05:33,914 | WARNING | - ResultsExporter module available
2025-07-02 01:05:33,914 | INFO | === ENHANCED PIPELINE COMPONENTS CHECK ===
2025-07-02 01:05:33,914 | INFO | Enhanced Modules Import: PASSED
2025-07-02 01:05:33,914 | WARNING | - All enhanced modules imported successfully
2025-07-02 01:05:33,914 | INFO | Enhanced ConfigManager: PASSED
2025-07-02 01:05:33,914 | WARNING | - ConfigManager initialized with configs dir
2025-07-02 01:05:33,914 | INFO | Enhanced LLM Generator: PASSED
2025-07-02 01:05:33,914 | WARNING | - LLMOutputGenerator initialized
2025-07-02 01:05:33,914 | INFO | === ENHANCED CONTENT GENERATION CHECK ===
2025-07-02 01:05:33,914 | INFO | Enhanced Content Generation: PASSED
2025-07-02 01:05:33,914 | WARNING | - LLM output generated: llm_analysis_system_test_distillation_20250702_010533.md
2025-07-02 01:05:33,915 | INFO | Enhanced Content Features: PASSED
2025-07-02 01:05:33,915 | WARNING | - All enhanced features present
2025-07-02 01:05:33,915 | INFO | === MOCK INTEGRATION TESTING ===
2025-07-02 01:05:33,917 | INFO | Mock Integration Setup: PASSED
2025-07-02 01:05:33,917 | WARNING | - Created 2 test files
2025-07-02 01:05:33,917 | INFO | Processed JSON: test_config.json (2 keys)
2025-07-02 01:05:33,918 | INFO | Processed CSV: test_config.csv (2 rows)
2025-07-02 01:05:33,918 | INFO | Mock Integration Processing: PASSED
2025-07-02 01:05:33,918 | WARNING | - Processed 2/2 files successfully
2025-07-02 01:05:33,918 | INFO | === TOKEN UTILITIES TEST ===
2025-07-02 01:05:34,094 | INFO | Token Counting: PASSED
2025-07-02 01:05:34,094 | WARNING | - Successfully counted 17 tokens
2025-07-02 01:05:34,097 | INFO | === CONFIGURATION MANAGEMENT TEST ===
2025-07-02 01:05:34,097 | INFO | Configuration Manager Instantiation: PASSED
2025-07-02 01:05:34,097 | WARNING | - ConfigManager created successfully
2025-07-02 01:05:34,097 | INFO | Configuration Manager with Directory: PASSED
2025-07-02 01:05:34,097 | WARNING | - ConfigManager with custom directory works
2025-07-02 01:05:34,097 | INFO | === COMPREHENSIVE DIAGNOSTIC REPORT ===
2025-07-02 01:05:34,097 | INFO | Execution Time: 0.73 seconds
2025-07-02 01:05:34,097 | INFO | Total System Checks: 44
2025-07-02 01:05:34,097 | INFO | Passed System Checks: 40
2025-07-02 01:05:34,097 | INFO | --- SCRIPT VALIDATION SUMMARY ---
2025-07-02 01:05:34,097 | INFO | Total Scripts Validated: 52
2025-07-02 01:05:34,097 | INFO | Healthy Scripts: 30
2025-07-02 01:05:34,097 | INFO | Script Health Rate: 57.7%
2025-07-02 01:05:34,098 | INFO | Execution Success Rate: 56.0% (28/50)
2025-07-02 01:05:34,098 | INFO | --- PIPELINE HEALTH STATUS ---
2025-07-02 01:05:34,098 | INFO | RAG System: HEALTHY
2025-07-02 01:05:34,098 | INFO | DWSIM Integration: HEALTHY
2025-07-02 01:05:34,098 | INFO | Overall Integration: ISSUES
2025-07-02 01:05:34,098 | INFO | --- SCRIPT CATEGORY BREAKDOWN ---
2025-07-02 01:05:34,098 | INFO | Core Pipeline Scripts: 6/17 (35.3%)
2025-07-02 01:05:34,098 | INFO | Integration & LLM Scripts: 13/21 (61.9%)
2025-07-02 01:05:34,098 | INFO | Entry Point Scripts: 2/2 (100.0%)
2025-07-02 01:05:34,098 | INFO | Test Scripts: 5/8 (62.5%)
2025-07-02 01:05:34,098 | INFO | Validation Scripts: 4/4 (100.0%)
2025-07-02 01:05:34,098 | INFO | --- FINAL ASSESSMENT ---
2025-07-02 01:05:34,098 | INFO | Overall Success Rate: 90.9%
2025-07-02 01:05:34,098 | INFO | SYSTEM STATUS: VERY GOOD
2025-07-02 01:05:34,098 | INFO | System is in excellent condition with minor issues.
2025-07-02 01:05:34,099 | INFO | Script validation results saved to: data/validation/diagnostic_results/diagnostic_script_validation_20250702_010534.json
