2025-07-03 13:36:31,835 | INFO | Starting Comprehensive PyNucleus System Diagnostic...
2025-07-03 13:36:31,836 | INFO | Started at: 2025-07-03 13:36:31
2025-07-03 13:36:31,836 | INFO | === PYTHON ENVIRONMENT CHECK ===
2025-07-03 13:36:31,837 | INFO | Python Version: 3.13.4 (main, Jun 3 2025, 15:34:24) [Clang 17.0.0 (clang-1700.0.13.3)]
2025-07-03 13:36:31,837 | INFO | Python Version: PASSED
2025-07-03 13:36:31,837 | WARNING | - Version 3.13 meets requirements
2025-07-03 13:36:31,838 | INFO | Python executable: /Users/mohammadalmusaiteer/PyNucleus-Model/pynucleus_env/bin/python
2025-07-03 13:36:31,840 | INFO | Python path includes src: True
2025-07-03 13:36:31,841 | INFO | === COMPREHENSIVE DEPENDENCIES CHECK ===
2025-07-03 13:36:31,842 | INFO | Core Dependencies:
2025-07-03 13:36:31,843 | INFO | numpy: PASSED
2025-07-03 13:36:31,843 | WARNING | - Package available
2025-07-03 13:36:31,843 | INFO | pandas: PASSED
2025-07-03 13:36:31,844 | WARNING | - Package available
2025-07-03 13:36:31,844 | INFO | requests: PASSED
2025-07-03 13:36:31,844 | WARNING | - Package available
2025-07-03 13:36:31,845 | INFO | tqdm: PASSED
2025-07-03 13:36:31,846 | WARNING | - Package available
2025-07-03 13:36:31,846 | INFO | typer: PASSED
2025-07-03 13:36:31,846 | WARNING | - Package available
2025-07-03 13:36:31,846 | INFO | pathlib: PASSED
2025-07-03 13:36:31,847 | WARNING | - Package available
2025-07-03 13:36:31,847 | INFO | dataclasses: PASSED
2025-07-03 13:36:31,847 | WARNING | - Package available
2025-07-03 13:36:31,848 | INFO | asyncio: PASSED
2025-07-03 13:36:31,848 | WARNING | - Package available
2025-07-03 13:36:31,849 | INFO | concurrent: PASSED
2025-07-03 13:36:31,849 | WARNING | - Package available
2025-07-03 13:36:31,849 | INFO | Optional Dependencies:
2025-07-03 13:36:31,850 | INFO | jupyter: PASSED
2025-07-03 13:36:31,850 | WARNING | - Optional package - not required
2025-07-03 13:36:31,850 | INFO | notebook: PASSED
2025-07-03 13:36:31,851 | WARNING | - Optional package - not required
2025-07-03 13:36:31,851 | INFO | faiss-cpu: PASSED
2025-07-03 13:36:31,851 | WARNING | - Optional package - not required
2025-07-03 13:36:31,852 | INFO | transformers: PASSED
2025-07-03 13:36:31,852 | WARNING | - Package available
2025-07-03 13:36:31,853 | INFO | torch: PASSED
2025-07-03 13:36:31,853 | WARNING | - Package available
2025-07-03 13:36:31,853 | INFO | === DOCKER ENVIRONMENT CHECK ===
2025-07-03 13:36:32,012 | INFO | Docker Availability: PASSED
2025-07-03 13:36:32,013 | WARNING | - Version: Docker version 28.1.1, build 4eba377
2025-07-03 13:36:32,013 | INFO | === DIRECTORY STRUCTURE CHECK ===
2025-07-03 13:36:32,014 | INFO | Directory: src/pynucleus: PASSED
2025-07-03 13:36:32,014 | WARNING | - Required directory exists
2025-07-03 13:36:32,014 | INFO | Directory: configs: PASSED
2025-07-03 13:36:32,014 | WARNING | - Required directory exists
2025-07-03 13:36:32,015 | INFO | Directory: data: PASSED
2025-07-03 13:36:32,015 | WARNING | - Required directory exists
2025-07-03 13:36:32,015 | INFO | Directory: logs: PASSED
2025-07-03 13:36:32,015 | WARNING | - Required directory exists
2025-07-03 13:36:32,016 | INFO | Directory: scripts: PASSED
2025-07-03 13:36:32,016 | WARNING | - Required directory exists
2025-07-03 13:36:32,016 | INFO | Optional directory found: data/05_output/llm_reports
2025-07-03 13:36:32,017 | INFO | Optional directory found: data/validation/diagnostic_results
2025-07-03 13:36:32,017 | WARNING | Optional directory missing: dwsim_rag_integration
2025-07-03 13:36:32,017 | INFO | === COMPREHENSIVE SCRIPT VALIDATION ===
2025-07-03 13:36:32,018 | INFO | --- Validating Core Pipeline Scripts ---
2025-07-03 13:36:32,020 | INFO | src/pynucleus/pipeline/plant_builder.py - Syntax OK
2025-07-03 13:36:32,020 | INFO | src/pynucleus/pipeline/plant_builder.py - Imports OK
2025-07-03 13:36:32,021 | WARNING | src/pynucleus/pipeline/plant_builder.py - Execution warning: attempted relative import with no known parent package...
2025-07-03 13:36:32,021 | WARNING | src/pynucleus/pipeline/plant_builder.py - Overall: ISSUES FOUND
2025-07-03 13:36:32,022 | INFO | src/pynucleus/pipeline/results_exporter.py - Syntax OK
2025-07-03 13:36:32,023 | INFO | src/pynucleus/pipeline/results_exporter.py - Imports OK
2025-07-03 13:36:32,023 | INFO | src/pynucleus/pipeline/results_exporter.py - Execution OK
2025-07-03 13:36:32,024 | INFO | src/pynucleus/pipeline/results_exporter.py - Overall: HEALTHY
2025-07-03 13:36:32,026 | INFO | src/pynucleus/pipeline/pipeline_rag.py - Syntax OK
2025-07-03 13:36:32,026 | INFO | src/pynucleus/pipeline/pipeline_rag.py - Imports OK
2025-07-03 13:36:32,026 | WARNING | src/pynucleus/pipeline/pipeline_rag.py - Execution warning: attempted relative import with no known parent package...
2025-07-03 13:36:32,027 | WARNING | src/pynucleus/pipeline/pipeline_rag.py - Overall: ISSUES FOUND
2025-07-03 13:36:32,028 | INFO | src/pynucleus/pipeline/pipeline_dwsim.py - Syntax OK
2025-07-03 13:36:32,028 | INFO | src/pynucleus/pipeline/pipeline_dwsim.py - Imports OK
2025-07-03 13:36:32,028 | INFO | src/pynucleus/pipeline/pipeline_dwsim.py - Execution OK
2025-07-03 13:36:32,029 | INFO | src/pynucleus/pipeline/pipeline_dwsim.py - Overall: HEALTHY
2025-07-03 13:36:32,029 | INFO | src/pynucleus/pipeline/__init__.py - Syntax OK
2025-07-03 13:36:32,029 | INFO | src/pynucleus/pipeline/__init__.py - Imports OK
2025-07-03 13:36:32,030 | WARNING | src/pynucleus/pipeline/__init__.py - Execution warning: No module named 'test_module'...
2025-07-03 13:36:32,030 | WARNING | src/pynucleus/pipeline/__init__.py - Overall: ISSUES FOUND
2025-07-03 13:36:32,036 | INFO | src/pynucleus/pipeline/financial_analyzer.py - Syntax OK
2025-07-03 13:36:32,037 | INFO | src/pynucleus/pipeline/financial_analyzer.py - Imports OK
2025-07-03 13:36:32,038 | WARNING | src/pynucleus/pipeline/financial_analyzer.py - Execution warning: attempted relative import with no known parent package...
2025-07-03 13:36:32,038 | WARNING | src/pynucleus/pipeline/financial_analyzer.py - Overall: ISSUES FOUND
2025-07-03 13:36:32,040 | INFO | src/pynucleus/pipeline/pipeline_utils.py - Syntax OK
2025-07-03 13:36:32,041 | INFO | src/pynucleus/pipeline/pipeline_utils.py - Imports OK
2025-07-03 13:36:32,042 | INFO | src/pynucleus/pipeline/pipeline_utils.py - Execution OK
2025-07-03 13:36:32,042 | INFO | src/pynucleus/pipeline/pipeline_utils.py - Overall: HEALTHY
2025-07-03 13:36:32,043 | INFO | src/pynucleus/rag/vector_store_remote.py - Syntax OK
2025-07-03 13:36:32,043 | INFO | src/pynucleus/rag/vector_store_remote.py - Imports OK
2025-07-03 13:36:32,044 | WARNING | src/pynucleus/rag/vector_store_remote.py - Execution warning: attempted relative import with no known parent package...
2025-07-03 13:36:32,044 | WARNING | src/pynucleus/rag/vector_store_remote.py - Overall: ISSUES FOUND
2025-07-03 13:36:32,048 | INFO | src/pynucleus/rag/vector_store.py - Syntax OK
2025-07-03 13:36:32,048 | INFO | src/pynucleus/rag/vector_store.py - Imports OK
2025-07-03 13:36:32,049 | WARNING | src/pynucleus/rag/vector_store.py - Execution warning: attempted relative import with no known parent package...
2025-07-03 13:36:32,049 | WARNING | src/pynucleus/rag/vector_store.py - Overall: ISSUES FOUND
2025-07-03 13:36:32,051 | INFO | src/pynucleus/rag/wiki_scraper.py - Syntax OK
2025-07-03 13:36:32,052 | INFO | src/pynucleus/rag/wiki_scraper.py - Imports OK
2025-07-03 13:36:32,052 | WARNING | src/pynucleus/rag/wiki_scraper.py - Execution warning: No module named 'loguru'...
2025-07-03 13:36:32,053 | WARNING | src/pynucleus/rag/wiki_scraper.py - Overall: ISSUES FOUND
2025-07-03 13:36:32,054 | INFO | src/pynucleus/rag/embedding_monitor.py - Syntax OK
2025-07-03 13:36:32,054 | INFO | src/pynucleus/rag/embedding_monitor.py - Imports OK
2025-07-03 13:36:32,055 | INFO | src/pynucleus/rag/embedding_monitor.py - Execution OK
2025-07-03 13:36:32,055 | INFO | src/pynucleus/rag/embedding_monitor.py - Overall: HEALTHY
2025-07-03 13:36:32,058 | INFO | src/pynucleus/rag/document_processor.py - Syntax OK
2025-07-03 13:36:32,058 | INFO | src/pynucleus/rag/document_processor.py - Imports OK
2025-07-03 13:36:32,059 | INFO | src/pynucleus/rag/document_processor.py - Execution OK
2025-07-03 13:36:32,059 | INFO | src/pynucleus/rag/document_processor.py - Overall: HEALTHY
2025-07-03 13:36:32,061 | INFO | src/pynucleus/rag/collector.py - Syntax OK
2025-07-03 13:36:32,062 | INFO | src/pynucleus/rag/collector.py - Imports OK
2025-07-03 13:36:32,062 | WARNING | src/pynucleus/rag/collector.py - Execution warning: attempted relative import with no known parent package...
2025-07-03 13:36:32,063 | WARNING | src/pynucleus/rag/collector.py - Overall: ISSUES FOUND
2025-07-03 13:36:32,063 | INFO | src/pynucleus/rag/__init__.py - Syntax OK
2025-07-03 13:36:32,064 | INFO | src/pynucleus/rag/__init__.py - Imports OK
2025-07-03 13:36:32,064 | WARNING | src/pynucleus/rag/__init__.py - Execution warning: No module named 'test_module'...
2025-07-03 13:36:32,064 | WARNING | src/pynucleus/rag/__init__.py - Overall: ISSUES FOUND
2025-07-03 13:36:32,065 | INFO | src/pynucleus/rag/rag_core.py - Syntax OK
2025-07-03 13:36:32,066 | INFO | src/pynucleus/rag/rag_core.py - Imports OK
2025-07-03 13:36:32,066 | INFO | src/pynucleus/rag/rag_core.py - Execution OK
2025-07-03 13:36:32,066 | INFO | src/pynucleus/rag/rag_core.py - Overall: HEALTHY
2025-07-03 13:36:32,069 | INFO | src/pynucleus/rag/engine.py - Syntax OK
2025-07-03 13:36:32,069 | INFO | src/pynucleus/rag/engine.py - Imports OK
2025-07-03 13:36:32,070 | WARNING | src/pynucleus/rag/engine.py - Execution warning: attempted relative import with no known parent package...
2025-07-03 13:36:32,071 | WARNING | src/pynucleus/rag/engine.py - Overall: ISSUES FOUND
2025-07-03 13:36:32,073 | INFO | src/pynucleus/rag/answer_processing.py - Syntax OK
2025-07-03 13:36:32,074 | INFO | src/pynucleus/rag/answer_processing.py - Imports OK
2025-07-03 13:36:32,117 | WARNING | src/pynucleus/rag/answer_processing.py - Execution warning: attempted relative import with no known parent package...
2025-07-03 13:36:32,118 | WARNING | src/pynucleus/rag/answer_processing.py - Overall: ISSUES FOUND
2025-07-03 13:36:32,118 | ERROR | Core Pipeline Scripts Health: FAILED
2025-07-03 13:36:32,118 | WARNING | - 6/17 scripts healthy (35.3%)
2025-07-03 13:36:32,119 | INFO | --- Validating Integration & LLM Scripts ---
2025-07-03 13:36:32,121 | INFO | src/pynucleus/integration/config_manager.py - Syntax OK
2025-07-03 13:36:32,121 | INFO | src/pynucleus/integration/config_manager.py - Imports OK
2025-07-03 13:36:32,122 | INFO | src/pynucleus/integration/config_manager.py - Execution OK
2025-07-03 13:36:32,122 | INFO | src/pynucleus/integration/config_manager.py - Overall: HEALTHY
2025-07-03 13:36:32,123 | INFO | src/pynucleus/integration/__init__.py - Syntax OK
2025-07-03 13:36:32,123 | INFO | src/pynucleus/integration/__init__.py - Imports OK
2025-07-03 13:36:32,124 | WARNING | src/pynucleus/integration/__init__.py - Execution warning: No module named 'test_module'...
2025-07-03 13:36:32,124 | WARNING | src/pynucleus/integration/__init__.py - Overall: ISSUES FOUND
2025-07-03 13:36:32,126 | INFO | src/pynucleus/integration/llm_output_generator.py - Syntax OK
2025-07-03 13:36:32,126 | INFO | src/pynucleus/integration/llm_output_generator.py - Imports OK
2025-07-03 13:36:32,127 | INFO | src/pynucleus/integration/llm_output_generator.py - Execution OK
2025-07-03 13:36:32,127 | INFO | src/pynucleus/integration/llm_output_generator.py - Overall: HEALTHY
2025-07-03 13:36:32,128 | INFO | src/pynucleus/integration/dwsim_rag_integrator.py - Syntax OK
2025-07-03 13:36:32,128 | INFO | src/pynucleus/integration/dwsim_rag_integrator.py - Imports OK
2025-07-03 13:36:32,129 | INFO | src/pynucleus/integration/dwsim_rag_integrator.py - Execution OK
2025-07-03 13:36:32,130 | INFO | src/pynucleus/integration/dwsim_rag_integrator.py - Overall: HEALTHY
2025-07-03 13:36:32,132 | INFO | src/pynucleus/llm/answer_engine.py - Syntax OK
2025-07-03 13:36:32,133 | INFO | src/pynucleus/llm/answer_engine.py - Imports OK
2025-07-03 13:36:32,133 | INFO | src/pynucleus/llm/answer_engine.py - Execution OK
2025-07-03 13:36:32,134 | INFO | src/pynucleus/llm/answer_engine.py - Overall: HEALTHY
2025-07-03 13:36:32,134 | INFO | src/pynucleus/llm/retriever_adapter.py - Syntax OK
2025-07-03 13:36:32,135 | INFO | src/pynucleus/llm/retriever_adapter.py - Imports OK
2025-07-03 13:36:32,135 | INFO | src/pynucleus/llm/retriever_adapter.py - Execution OK
2025-07-03 13:36:32,136 | INFO | src/pynucleus/llm/retriever_adapter.py - Overall: HEALTHY
2025-07-03 13:36:32,137 | INFO | src/pynucleus/llm/prompting.py - Syntax OK
2025-07-03 13:36:32,137 | INFO | src/pynucleus/llm/prompting.py - Imports OK
2025-07-03 13:36:32,137 | WARNING | src/pynucleus/llm/prompting.py - Execution warning: attempted relative import with no known parent package...
2025-07-03 13:36:32,138 | WARNING | src/pynucleus/llm/prompting.py - Overall: ISSUES FOUND
2025-07-03 13:36:32,139 | INFO | src/pynucleus/llm/query_llm.py - Syntax OK
2025-07-03 13:36:32,139 | INFO | src/pynucleus/llm/query_llm.py - Imports OK
2025-07-03 13:36:32,139 | INFO | src/pynucleus/llm/query_llm.py - Execution OK
2025-07-03 13:36:32,140 | INFO | src/pynucleus/llm/query_llm.py - Overall: HEALTHY
2025-07-03 13:36:32,140 | INFO | src/pynucleus/llm/__init__.py - Syntax OK
2025-07-03 13:36:32,140 | INFO | src/pynucleus/llm/__init__.py - Imports OK
2025-07-03 13:36:32,141 | WARNING | src/pynucleus/llm/__init__.py - Execution warning: No module named 'test_module'...
2025-07-03 13:36:32,141 | WARNING | src/pynucleus/llm/__init__.py - Overall: ISSUES FOUND
2025-07-03 13:36:32,143 | INFO | src/pynucleus/llm/simple_local_adapter.py - Syntax OK
2025-07-03 13:36:32,143 | INFO | src/pynucleus/llm/simple_local_adapter.py - Imports OK
2025-07-03 13:36:32,144 | INFO | src/pynucleus/llm/simple_local_adapter.py - Execution OK
2025-07-03 13:36:32,144 | INFO | src/pynucleus/llm/simple_local_adapter.py - Overall: HEALTHY
2025-07-03 13:36:32,145 | INFO | src/pynucleus/llm/device_manager.py - Syntax OK
2025-07-03 13:36:32,146 | INFO | src/pynucleus/llm/device_manager.py - Imports OK
2025-07-03 13:36:32,146 | WARNING | src/pynucleus/llm/device_manager.py - Execution warning: attempted relative import with no known parent package...
2025-07-03 13:36:32,147 | WARNING | src/pynucleus/llm/device_manager.py - Overall: ISSUES FOUND
2025-07-03 13:36:32,148 | INFO | src/pynucleus/llm/model_loader.py - Syntax OK
2025-07-03 13:36:32,149 | INFO | src/pynucleus/llm/model_loader.py - Imports OK
2025-07-03 13:36:32,149 | WARNING | src/pynucleus/llm/model_loader.py - Execution warning: attempted relative import with no known parent package...
2025-07-03 13:36:32,150 | WARNING | src/pynucleus/llm/model_loader.py - Overall: ISSUES FOUND
2025-07-03 13:36:32,150 | INFO | src/pynucleus/llm/qwen_loader.py - Syntax OK
2025-07-03 13:36:32,151 | INFO | src/pynucleus/llm/qwen_loader.py - Imports OK
2025-07-03 13:36:32,151 | WARNING | src/pynucleus/llm/qwen_loader.py - Execution warning: attempted relative import with no known parent package...
2025-07-03 13:36:32,151 | WARNING | src/pynucleus/llm/qwen_loader.py - Overall: ISSUES FOUND
2025-07-03 13:36:32,152 | INFO | src/pynucleus/llm/llm_runner.py - Syntax OK
2025-07-03 13:36:32,153 | INFO | src/pynucleus/llm/llm_runner.py - Imports OK
2025-07-03 13:36:32,153 | INFO | src/pynucleus/llm/llm_runner.py - Execution OK
2025-07-03 13:36:32,153 | INFO | src/pynucleus/llm/llm_runner.py - Overall: HEALTHY
2025-07-03 13:36:32,154 | INFO | src/pynucleus/utils/logging_config.py - Syntax OK
2025-07-03 13:36:32,155 | INFO | src/pynucleus/utils/logging_config.py - Imports OK
2025-07-03 13:36:32,155 | INFO | src/pynucleus/utils/logging_config.py - Execution OK
2025-07-03 13:36:32,155 | INFO | src/pynucleus/utils/logging_config.py - Overall: HEALTHY
2025-07-03 13:36:32,156 | INFO | src/pynucleus/utils/env.py - Syntax OK
2025-07-03 13:36:32,156 | INFO | src/pynucleus/utils/env.py - Imports OK
2025-07-03 13:36:32,157 | INFO | src/pynucleus/utils/env.py - Execution OK
2025-07-03 13:36:32,157 | INFO | src/pynucleus/utils/env.py - Overall: HEALTHY
2025-07-03 13:36:32,158 | INFO | src/pynucleus/utils/__init__.py - Syntax OK
2025-07-03 13:36:32,158 | INFO | src/pynucleus/utils/__init__.py - Imports OK
2025-07-03 13:36:32,158 | WARNING | src/pynucleus/utils/__init__.py - Execution warning: No module named 'test_module'...
2025-07-03 13:36:32,159 | WARNING | src/pynucleus/utils/__init__.py - Overall: ISSUES FOUND
2025-07-03 13:36:32,159 | INFO | src/pynucleus/utils/logger.py - Syntax OK
2025-07-03 13:36:32,160 | INFO | src/pynucleus/utils/logger.py - Imports OK
2025-07-03 13:36:32,160 | WARNING | src/pynucleus/utils/logger.py - Execution warning: attempted relative import with no known parent package...
2025-07-03 13:36:32,160 | WARNING | src/pynucleus/utils/logger.py - Overall: ISSUES FOUND
2025-07-03 13:36:32,161 | INFO | src/pynucleus/utils/telemetry_patch.py - Syntax OK
2025-07-03 13:36:32,161 | INFO | src/pynucleus/utils/telemetry_patch.py - Imports OK
2025-07-03 13:36:32,163 | INFO | src/pynucleus/utils/telemetry_patch.py - Execution OK
2025-07-03 13:36:32,163 | INFO | src/pynucleus/utils/telemetry_patch.py - Overall: HEALTHY
2025-07-03 13:36:32,164 | INFO | src/pynucleus/utils/pretty_formatter.py - Syntax OK
2025-07-03 13:36:32,164 | INFO | src/pynucleus/utils/pretty_formatter.py - Imports OK
2025-07-03 13:36:32,165 | INFO | src/pynucleus/utils/pretty_formatter.py - Execution OK
2025-07-03 13:36:32,165 | INFO | src/pynucleus/utils/pretty_formatter.py - Overall: HEALTHY
2025-07-03 13:36:32,166 | INFO | src/pynucleus/utils/token_utils.py - Syntax OK
2025-07-03 13:36:32,166 | INFO | src/pynucleus/utils/token_utils.py - Imports OK
2025-07-03 13:36:32,166 | INFO | src/pynucleus/utils/token_utils.py - Execution OK
2025-07-03 13:36:32,167 | INFO | src/pynucleus/utils/token_utils.py - Overall: HEALTHY
2025-07-03 13:36:32,167 | ERROR | Integration & LLM Scripts Health: FAILED
2025-07-03 13:36:32,167 | WARNING | - 13/21 scripts healthy (61.9%)
2025-07-03 13:36:32,167 | INFO | --- Validating Entry Point Scripts ---
2025-07-03 13:36:32,172 | INFO | run_pipeline.py - Syntax OK
2025-07-03 13:36:32,173 | INFO | run_pipeline.py - Imports OK
2025-07-03 13:36:32,173 | INFO | run_pipeline.py - Entry point (skipped execution)
2025-07-03 13:36:32,173 | INFO | run_pipeline.py - Overall: HEALTHY
2025-07-03 13:36:32,182 | INFO | src/pynucleus/cli.py - Syntax OK
2025-07-03 13:36:32,183 | INFO | src/pynucleus/cli.py - Imports OK
2025-07-03 13:36:32,183 | INFO | src/pynucleus/cli.py - Entry point (skipped execution)
2025-07-03 13:36:32,183 | INFO | src/pynucleus/cli.py - Overall: HEALTHY
2025-07-03 13:36:32,184 | INFO | Entry Point Scripts Health: PASSED
2025-07-03 13:36:32,184 | WARNING | - 2/2 scripts healthy (100.0%)
2025-07-03 13:36:32,184 | INFO | --- Validating Test Scripts ---
2025-07-03 13:36:32,185 | INFO | scripts/test_output_formatting.py - Syntax OK
2025-07-03 13:36:32,186 | INFO | scripts/test_output_formatting.py - Imports OK
2025-07-03 13:36:32,186 | INFO | scripts/test_output_formatting.py - Execution OK
2025-07-03 13:36:32,186 | INFO | scripts/test_output_formatting.py - Overall: HEALTHY
2025-07-03 13:36:32,189 | INFO | scripts/test_production_monitoring.py - Syntax OK
2025-07-03 13:36:32,189 | INFO | scripts/test_production_monitoring.py - Imports OK
2025-07-03 13:36:32,190 | INFO | scripts/test_production_monitoring.py - Execution OK
2025-07-03 13:36:32,190 | INFO | scripts/test_production_monitoring.py - Overall: HEALTHY
2025-07-03 13:36:32,191 | INFO | scripts/test_output_formatting.py - Syntax OK
2025-07-03 13:36:32,191 | INFO | scripts/test_output_formatting.py - Imports OK
2025-07-03 13:36:32,192 | INFO | scripts/test_output_formatting.py - Execution OK
2025-07-03 13:36:32,192 | INFO | scripts/test_output_formatting.py - Overall: HEALTHY
2025-07-03 13:36:32,194 | INFO | scripts/test_production_monitoring.py - Syntax OK
2025-07-03 13:36:32,194 | INFO | scripts/test_production_monitoring.py - Imports OK
2025-07-03 13:36:32,195 | INFO | scripts/test_production_monitoring.py - Execution OK
2025-07-03 13:36:32,195 | INFO | scripts/test_production_monitoring.py - Overall: HEALTHY
2025-07-03 13:36:32,196 | INFO | scripts/simple_stress_test.py - Syntax OK
2025-07-03 13:36:32,197 | INFO | scripts/simple_stress_test.py - Imports OK
2025-07-03 13:36:32,197 | WARNING | scripts/simple_stress_test.py - Execution warning: No module named 'aiohttp'...
2025-07-03 13:36:32,198 | WARNING | scripts/simple_stress_test.py - Overall: ISSUES FOUND
2025-07-03 13:36:32,200 | INFO | scripts/stress_test_suite.py - Syntax OK
2025-07-03 13:36:32,200 | INFO | scripts/stress_test_suite.py - Imports OK
2025-07-03 13:36:32,201 | WARNING | scripts/stress_test_suite.py - Execution warning: No module named 'aiohttp'...
2025-07-03 13:36:32,202 | WARNING | scripts/stress_test_suite.py - Overall: ISSUES FOUND
2025-07-03 13:36:32,204 | INFO | scripts/stress_test.py - Syntax OK
2025-07-03 13:36:32,204 | INFO | scripts/stress_test.py - Imports OK
2025-07-03 13:36:32,205 | WARNING | scripts/stress_test.py - Execution warning: No module named 'aiohttp'...
2025-07-03 13:36:32,205 | WARNING | scripts/stress_test.py - Overall: ISSUES FOUND
2025-07-03 13:36:32,344 | INFO | scripts/integration_test.py - Syntax OK
2025-07-03 13:36:32,344 | INFO | scripts/integration_test.py - Imports OK
2025-07-03 13:36:32,345 | INFO | scripts/integration_test.py - Execution OK
2025-07-03 13:36:32,345 | INFO | scripts/integration_test.py - Overall: HEALTHY
2025-07-03 13:36:32,345 | ERROR | Test Scripts Health: FAILED
2025-07-03 13:36:32,346 | WARNING | - 5/8 scripts healthy (62.5%)
2025-07-03 13:36:32,346 | INFO | --- Validating Automation Scripts ---
2025-07-03 13:36:32,346 | WARNING | No scripts found for Automation Scripts
2025-07-03 13:36:32,347 | INFO | --- Validating Prompt System Scripts ---
2025-07-03 13:36:32,347 | WARNING | No scripts found for Prompt System Scripts
2025-07-03 13:36:32,347 | INFO | --- Validating Validation Scripts ---
2025-07-03 13:36:32,349 | INFO | scripts/validate_infrastructure.py - Syntax OK
2025-07-03 13:36:32,349 | INFO | scripts/validate_infrastructure.py - Imports OK
2025-07-03 13:36:32,350 | INFO | scripts/validate_infrastructure.py - Execution OK
2025-07-03 13:36:32,350 | INFO | scripts/validate_infrastructure.py - Overall: HEALTHY
2025-07-03 13:36:32,352 | INFO | scripts/validate_rag_factual_accuracy.py - Syntax OK
2025-07-03 13:36:32,353 | INFO | scripts/validate_rag_factual_accuracy.py - Imports OK
2025-07-03 13:36:32,451 | INFO | scripts/validate_rag_factual_accuracy.py - Execution OK
2025-07-03 13:36:32,451 | INFO | scripts/validate_rag_factual_accuracy.py - Overall: HEALTHY
2025-07-03 13:36:32,457 | INFO | scripts/system_validator.py - Syntax OK
2025-07-03 13:36:32,457 | INFO | scripts/system_validator.py - Imports OK
2025-07-03 13:36:32,459 | INFO | scripts/system_validator.py - Execution OK
2025-07-03 13:36:32,459 | INFO | scripts/system_validator.py - Overall: HEALTHY
2025-07-03 13:36:32,461 | INFO | scripts/system_statistics.py - Syntax OK
2025-07-03 13:36:32,461 | INFO | scripts/system_statistics.py - Imports OK
2025-07-03 13:36:32,462 | INFO | scripts/system_statistics.py - Execution OK
2025-07-03 13:36:32,462 | INFO | scripts/system_statistics.py - Overall: HEALTHY
2025-07-03 13:36:32,462 | INFO | Validation Scripts Health: PASSED
2025-07-03 13:36:32,462 | WARNING | - 4/4 scripts healthy (100.0%)
2025-07-03 13:36:32,462 | INFO | === RAG SYSTEM HEALTH CHECK ===
2025-07-03 13:36:32,462 | INFO | RAG Core Import: PASSED
2025-07-03 13:36:32,462 | WARNING | - RAG modules successfully imported
2025-07-03 13:36:32,462 | INFO | Testing RAG system components...
2025-07-03 13:36:32,462 | INFO | RAG System Components: PASSED
2025-07-03 13:36:32,462 | WARNING | - RAG system accessible
2025-07-03 13:36:32,463 | INFO | === DWSIM INTEGRATION CHECK ===
2025-07-03 13:36:32,463 | INFO | DWSIM integration path found: src/pynucleus/integration
2025-07-03 13:36:32,463 | INFO | DWSIM Integration: PASSED
2025-07-03 13:36:32,463 | WARNING | - DWSIM integration modules available
2025-07-03 13:36:32,463 | INFO | === LLM INTEGRATION CHECK ===
2025-07-03 13:36:32,463 | INFO | LLM Runner Import: PASSED
2025-07-03 13:36:32,463 | WARNING | - LLM Runner module available
2025-07-03 13:36:32,463 | ERROR | LLM Query Module: FAILED
2025-07-03 13:36:32,463 | WARNING | - LLM query module not available
2025-07-03 13:36:32,463 | INFO | === PIPELINE COMPONENTS TEST ===
2025-07-03 13:36:32,463 | INFO | Configuration Manager: PASSED
2025-07-03 13:36:32,463 | WARNING | - ConfigManager module available
2025-07-03 13:36:32,463 | INFO | Pipeline Utilities: PASSED
2025-07-03 13:36:32,463 | WARNING | - PipelineUtils module available
2025-07-03 13:36:32,463 | INFO | Results Exporter: PASSED
2025-07-03 13:36:32,463 | WARNING | - ResultsExporter module available
2025-07-03 13:36:32,463 | INFO | === ENHANCED PIPELINE COMPONENTS CHECK ===
2025-07-03 13:36:32,463 | INFO | Enhanced Modules Import: PASSED
2025-07-03 13:36:32,463 | WARNING | - All enhanced modules imported successfully
2025-07-03 13:36:32,463 | INFO | Enhanced ConfigManager: PASSED
2025-07-03 13:36:32,463 | WARNING | - ConfigManager initialized with configs dir
2025-07-03 13:36:32,464 | INFO | Enhanced LLM Generator: PASSED
2025-07-03 13:36:32,464 | WARNING | - LLMOutputGenerator initialized
2025-07-03 13:36:32,464 | INFO | === ENHANCED CONTENT GENERATION CHECK ===
2025-07-03 13:36:32,464 | INFO | Enhanced Content Generation: PASSED
2025-07-03 13:36:32,464 | WARNING | - LLM output generated: llm_analysis_system_test_distillation_20250703_133632.md
2025-07-03 13:36:32,464 | INFO | Enhanced Content Features: PASSED
2025-07-03 13:36:32,464 | WARNING | - All enhanced features present
2025-07-03 13:36:32,464 | INFO | === MOCK INTEGRATION TESTING ===
2025-07-03 13:36:32,469 | INFO | Mock Integration Setup: PASSED
2025-07-03 13:36:32,469 | WARNING | - Created 2 test files
2025-07-03 13:36:32,469 | INFO | Processed JSON: test_config.json (2 keys)
2025-07-03 13:36:32,471 | INFO | Processed CSV: test_config.csv (2 rows)
2025-07-03 13:36:32,471 | INFO | Mock Integration Processing: PASSED
2025-07-03 13:36:32,471 | WARNING | - Processed 2/2 files successfully
2025-07-03 13:36:32,471 | INFO | === TOKEN UTILITIES TEST ===
2025-07-03 13:36:32,613 | INFO | Token Counting: PASSED
2025-07-03 13:36:32,613 | WARNING | - Successfully counted 17 tokens
2025-07-03 13:36:32,617 | INFO | === CONFIGURATION MANAGEMENT TEST ===
2025-07-03 13:36:32,617 | INFO | Configuration Manager Instantiation: PASSED
2025-07-03 13:36:32,617 | WARNING | - ConfigManager created successfully
2025-07-03 13:36:32,617 | INFO | Configuration Manager with Directory: PASSED
2025-07-03 13:36:32,617 | WARNING | - ConfigManager with custom directory works
2025-07-03 13:36:32,617 | INFO | === COMPREHENSIVE DIAGNOSTIC REPORT ===
2025-07-03 13:36:32,617 | INFO | Execution Time: 0.78 seconds
2025-07-03 13:36:32,617 | INFO | Total System Checks: 44
2025-07-03 13:36:32,617 | INFO | Passed System Checks: 40
2025-07-03 13:36:32,617 | INFO | --- SCRIPT VALIDATION SUMMARY ---
2025-07-03 13:36:32,617 | INFO | Total Scripts Validated: 52
2025-07-03 13:36:32,617 | INFO | Healthy Scripts: 30
2025-07-03 13:36:32,617 | INFO | Script Health Rate: 57.7%
2025-07-03 13:36:32,617 | INFO | Execution Success Rate: 56.0% (28/50)
2025-07-03 13:36:32,617 | INFO | --- PIPELINE HEALTH STATUS ---
2025-07-03 13:36:32,617 | INFO | RAG System: HEALTHY
2025-07-03 13:36:32,617 | INFO | DWSIM Integration: HEALTHY
2025-07-03 13:36:32,617 | INFO | Overall Integration: ISSUES
2025-07-03 13:36:32,617 | INFO | --- SCRIPT CATEGORY BREAKDOWN ---
2025-07-03 13:36:32,617 | INFO | Core Pipeline Scripts: 6/17 (35.3%)
2025-07-03 13:36:32,618 | INFO | Integration & LLM Scripts: 13/21 (61.9%)
2025-07-03 13:36:32,618 | INFO | Entry Point Scripts: 2/2 (100.0%)
2025-07-03 13:36:32,618 | INFO | Test Scripts: 5/8 (62.5%)
2025-07-03 13:36:32,618 | INFO | Validation Scripts: 4/4 (100.0%)
2025-07-03 13:36:32,618 | INFO | --- FINAL ASSESSMENT ---
2025-07-03 13:36:32,618 | INFO | Overall Success Rate: 90.9%
2025-07-03 13:36:32,618 | INFO | SYSTEM STATUS: VERY GOOD
2025-07-03 13:36:32,618 | INFO | System is in excellent condition with minor issues.
2025-07-03 13:36:32,618 | INFO | Script validation results saved to: data/validation/diagnostic_results/diagnostic_script_validation_20250703_133632.json
